<?xml version="1.0" encoding="UTF-8"?>
<!-- Generated by org.testng.reporters.JUnitXMLReporter -->
<testsuite hostname="ARPGL000231" name="CycleCheck" tests="1" failures="1" timestamp="19 Jul 2021 06:56:26 GMT" time="0.073" errors="0">
  <testcase name="cycle_check" time="0.066" classname="BasicTests.CycleCheck">
    <failure type="java.lang.AssertionError" message="Architecture Violation [Priority: MEDIUM] - Rule &amp;apos;slices matching &amp;apos;..demo..(*)..&amp;apos; should be free of cycles&amp;apos; was violated (1 times):
Cycle detected: Slice firstservice -&amp;gt; 
                Slice secondservice -&amp;gt; 
                Slice firstservice
  1. Dependencies of Slice firstservice
    - Field &amp;lt;demo.service.firstservice.FirstService.obj&amp;gt; has type &amp;lt;demo.service.secondservice.SecondService&amp;gt; in (FirstService.java:0)
  2. Dependencies of Slice secondservice
    - Field &amp;lt;demo.service.secondservice.SecondService.obj&amp;gt; has type &amp;lt;demo.service.firstservice.FirstService&amp;gt; in (SecondService.java:0)">
      <![CDATA[java.lang.AssertionError: Architecture Violation [Priority: MEDIUM] - Rule 'slices matching '..demo..(*)..' should be free of cycles' was violated (1 times):
Cycle detected: Slice firstservice -> 
                Slice secondservice -> 
                Slice firstservice
  1. Dependencies of Slice firstservice
    - Field <demo.service.firstservice.FirstService.obj> has type <demo.service.secondservice.SecondService> in (FirstService.java:0)
  2. Dependencies of Slice secondservice
    - Field <demo.service.secondservice.SecondService.obj> has type <demo.service.firstservice.FirstService> in (SecondService.java:0)
	at com.tngtech.archunit.lang.ArchRule$Assertions.assertNoViolation(ArchRule.java:94)
	at com.tngtech.archunit.lang.ArchRule$Assertions.check(ArchRule.java:82)
	at com.tngtech.archunit.lang.ArchRule$Factory$SimpleArchRule.check(ArchRule.java:198)
	at com.tngtech.archunit.lang.syntax.ObjectsShouldInternal.check(ObjectsShouldInternal.java:81)
	at com.tngtech.archunit.library.dependencies.SliceRule.check(SliceRule.java:64)
	at BasicTests.CycleCheck.cycle_check(CycleCheck.java:20)
	at BasicTests.ExcelGenerate.main(ExcelGenerate.java:25)
... Removed 21 stack frames]]>
    </failure>
  </testcase> <!-- cycle_check -->
</testsuite> <!-- CycleCheck -->
