<?xml version="1.0" encoding="UTF-8"?>
<!-- Generated by org.testng.reporters.JUnitXMLReporter -->
<testsuite hostname="ARPGL000231" name="LayerAcess" tests="1" failures="1" timestamp="19 Jul 2021 06:56:26 GMT" time="0.01" errors="0">
  <testcase name="layer_architecture" time="0.01" classname="BasicTests.LayerArchitecture">
    <failure type="java.lang.AssertionError" message="Architecture Violation [Priority: MEDIUM] - Rule &amp;apos;Layered architecture consisting of
layer &amp;apos;controller&amp;apos; (&amp;apos;..controller..&amp;apos;)
layer &amp;apos;service&amp;apos; (&amp;apos;..service..&amp;apos;)
layer &amp;apos;entity&amp;apos; (&amp;apos;..entity..&amp;apos;)
where layer &amp;apos;controller&amp;apos; may not be accessed by any layer
where layer &amp;apos;service&amp;apos; may only be accessed by layers [&amp;apos;controller&amp;apos;]&amp;apos; was violated (1 times):
Field &amp;lt;demo.entity.Customer.obj&amp;gt; has type &amp;lt;demo.controller.CustomerController&amp;gt; in (Customer.java:0)">
      <![CDATA[java.lang.AssertionError: Architecture Violation [Priority: MEDIUM] - Rule 'Layered architecture consisting of
layer 'controller' ('..controller..')
layer 'service' ('..service..')
layer 'entity' ('..entity..')
where layer 'controller' may not be accessed by any layer
where layer 'service' may only be accessed by layers ['controller']' was violated (1 times):
Field <demo.entity.Customer.obj> has type <demo.controller.CustomerController> in (Customer.java:0)
	at com.tngtech.archunit.lang.ArchRule$Assertions.assertNoViolation(ArchRule.java:94)
	at com.tngtech.archunit.lang.ArchRule$Assertions.check(ArchRule.java:82)
	at com.tngtech.archunit.library.Architectures$LayeredArchitecture.check(Architectures.java:291)
	at BasicTests.LayerArchitecture.layer_architecture(LayerArchitecture.java:24)
	at BasicTests.ExcelGenerate.main(ExcelGenerate.java:25)
... Removed 21 stack frames]]>
    </failure>
  </testcase> <!-- layer_architecture -->
</testsuite> <!-- LayerAcess -->
