<?xml version="1.0" encoding="UTF-8"?>
<!-- Generated by org.testng.reporters.JUnitXMLReporter -->
<testsuite hostname="ARPGL000231" name="LocationChecks" tests="4" failures="2" timestamp="19 Jul 2021 06:56:26 GMT" time="0.013" errors="0">
  <testcase name="classes_annoated_with_controller_annotation_should_resides_in_controller_package" time="0.01" classname="BasicTests.LocationCheck"/>
  <testcase name="classes_annoated_with_entity_annotation_should_resides_in_entity_package" time="0.001" classname="BasicTests.LocationCheck">
    <failure type="java.lang.AssertionError" message="Architecture Violation [Priority: MEDIUM] - Rule &amp;apos;classes that are annotated with @Entity should reside in a package &amp;apos;..entity..&amp;apos;&amp;apos; was violated (1 times):
Class &amp;lt;demo.controller.demoController&amp;gt; does not reside in a package &amp;apos;..entity..&amp;apos; in (demoController.java:0)">
      <![CDATA[java.lang.AssertionError: Architecture Violation [Priority: MEDIUM] - Rule 'classes that are annotated with @Entity should reside in a package '..entity..'' was violated (1 times):
Class <demo.controller.demoController> does not reside in a package '..entity..' in (demoController.java:0)
	at com.tngtech.archunit.lang.ArchRule$Assertions.assertNoViolation(ArchRule.java:94)
	at com.tngtech.archunit.lang.ArchRule$Assertions.check(ArchRule.java:82)
	at com.tngtech.archunit.lang.ArchRule$Factory$SimpleArchRule.check(ArchRule.java:198)
	at com.tngtech.archunit.lang.syntax.ObjectsShouldInternal.check(ObjectsShouldInternal.java:81)
	at BasicTests.LocationCheck.classes_annoated_with_entity_annotation_should_resides_in_entity_package(LocationCheck.java:26)
	at BasicTests.ExcelGenerate.main(ExcelGenerate.java:25)
... Removed 21 stack frames]]>
    </failure>
  </testcase> <!-- classes_annoated_with_entity_annotation_should_resides_in_entity_package -->
  <testcase name="classes_annoated_with_service_annotation_should_resides_in_service_package" time="0.001" classname="BasicTests.LocationCheck"/>
  <testcase name="interfaces_should_not_placed_in_entity_package" time="0.001" classname="BasicTests.LocationCheck">
    <failure type="java.lang.AssertionError" message="Architecture Violation [Priority: MEDIUM] - Rule &amp;apos;classes that reside in a package &amp;apos;..entity&amp;apos; should not be interfaces&amp;apos; was violated (1 times):
Class &amp;lt;demo.entity.DataRepository&amp;gt; is an interface in (DataRepository.java:0)">
      <![CDATA[java.lang.AssertionError: Architecture Violation [Priority: MEDIUM] - Rule 'classes that reside in a package '..entity' should not be interfaces' was violated (1 times):
Class <demo.entity.DataRepository> is an interface in (DataRepository.java:0)
	at com.tngtech.archunit.lang.ArchRule$Assertions.assertNoViolation(ArchRule.java:94)
	at com.tngtech.archunit.lang.ArchRule$Assertions.check(ArchRule.java:82)
	at com.tngtech.archunit.lang.ArchRule$Factory$SimpleArchRule.check(ArchRule.java:198)
	at com.tngtech.archunit.lang.syntax.ObjectsShouldInternal.check(ObjectsShouldInternal.java:81)
	at BasicTests.LocationCheck.interfaces_should_not_placed_in_entity_package(LocationCheck.java:64)
	at BasicTests.ExcelGenerate.main(ExcelGenerate.java:25)
... Removed 21 stack frames]]>
    </failure>
  </testcase> <!-- interfaces_should_not_placed_in_entity_package -->
</testsuite> <!-- LocationChecks -->
