<?xml version="1.0" encoding="UTF-8"?>
<!-- Generated by org.testng.reporters.JUnitXMLReporter -->
<testsuite hostname="ARPGL000231" name="NamingConvention" tests="3" failures="2" timestamp="19 Jul 2021 06:56:26 GMT" time="0.004" errors="0">
  <testcase name="controllers_should_be_suffixed" time="0.001" classname="BasicTests.NamingConvention">
    <failure type="java.lang.AssertionError" message="Architecture Violation [Priority: MEDIUM] - Rule &amp;apos;classes that reside in a package &amp;apos;..controller..&amp;apos; should have simple name ending with &amp;apos;Controller&amp;apos;&amp;apos; was violated (1 times):
simple name of demo.controller.demo does not end with &amp;apos;Controller&amp;apos; in (demo.java:0)">
      <![CDATA[java.lang.AssertionError: Architecture Violation [Priority: MEDIUM] - Rule 'classes that reside in a package '..controller..' should have simple name ending with 'Controller'' was violated (1 times):
simple name of demo.controller.demo does not end with 'Controller' in (demo.java:0)
	at com.tngtech.archunit.lang.ArchRule$Assertions.assertNoViolation(ArchRule.java:94)
	at com.tngtech.archunit.lang.ArchRule$Assertions.check(ArchRule.java:82)
	at com.tngtech.archunit.lang.ArchRule$Factory$SimpleArchRule.check(ArchRule.java:198)
	at com.tngtech.archunit.lang.syntax.ObjectsShouldInternal.check(ObjectsShouldInternal.java:81)
	at BasicTests.NamingConvention.controllers_should_be_suffixed(NamingConvention.java:22)
	at BasicTests.ExcelGenerate.main(ExcelGenerate.java:25)
... Removed 21 stack frames]]>
    </failure>
  </testcase> <!-- controllers_should_be_suffixed -->
  <testcase name="interfaces_with_repository_should_be_in_a_repository_package" time="0.001" classname="BasicTests.NamingConvention">
    <failure type="java.lang.AssertionError" message="Architecture Violation [Priority: MEDIUM] - Rule &amp;apos;classes that are interfaces and have simple name containing &amp;apos;Repository&amp;apos; should reside in a package &amp;apos;..repository..&amp;apos;&amp;apos; was violated (1 times):
Class &amp;lt;demo.entity.DataRepository&amp;gt; does not reside in a package &amp;apos;..repository..&amp;apos; in (DataRepository.java:0)">
      <![CDATA[java.lang.AssertionError: Architecture Violation [Priority: MEDIUM] - Rule 'classes that are interfaces and have simple name containing 'Repository' should reside in a package '..repository..'' was violated (1 times):
Class <demo.entity.DataRepository> does not reside in a package '..repository..' in (DataRepository.java:0)
	at com.tngtech.archunit.lang.ArchRule$Assertions.assertNoViolation(ArchRule.java:94)
	at com.tngtech.archunit.lang.ArchRule$Assertions.check(ArchRule.java:82)
	at com.tngtech.archunit.lang.ArchRule$Factory$SimpleArchRule.check(ArchRule.java:198)
	at com.tngtech.archunit.lang.syntax.ObjectsShouldInternal.check(ObjectsShouldInternal.java:81)
	at BasicTests.NamingConvention.interfaces_with_repository_should_be_in_a_repository_package(NamingConvention.java:49)
	at BasicTests.ExcelGenerate.main(ExcelGenerate.java:25)
... Removed 21 stack frames]]>
    </failure>
  </testcase> <!-- interfaces_with_repository_should_be_in_a_repository_package -->
  <testcase name="service_should_be_infix_with_service_word" time="0.001" classname="BasicTests.NamingConvention"/>
</testsuite> <!-- NamingConvention -->
