<?xml version="1.0" encoding="UTF-8"?>
<!-- Generated by org.testng.reporters.JUnitXMLReporter -->
<testsuite hostname="ARPGL000231" name="LocationChecks" tests="4" failures="1" timestamp="9 Jul 2021 04:34:30 GMT" time="0.014" errors="0">
  <testcase name="classes_annoated_with_controller_annotation_should_resides_in_controller_package" time="0.01" classname="BasicTests.LocationCheck"/>
  <testcase name="classes_annoated_with_entity_annotation_should_resides_in_entity_package" time="0.002" classname="BasicTests.LocationCheck">
    <failure type="java.lang.AssertionError" message="Architecture Violation [Priority: MEDIUM] - Rule &amp;apos;classes that are annotated with @Entity should reside in a package &amp;apos;..entity..&amp;apos;&amp;apos; was violated (1 times):
Class &amp;lt;demo.controller.demo&amp;gt; does not reside in a package &amp;apos;..entity..&amp;apos; in (demo.java:0)">
      <![CDATA[java.lang.AssertionError: Architecture Violation [Priority: MEDIUM] - Rule 'classes that are annotated with @Entity should reside in a package '..entity..'' was violated (1 times):
Class <demo.controller.demo> does not reside in a package '..entity..' in (demo.java:0)
	at com.tngtech.archunit.lang.ArchRule$Assertions.assertNoViolation(ArchRule.java:94)
	at com.tngtech.archunit.lang.ArchRule$Assertions.check(ArchRule.java:82)
	at com.tngtech.archunit.lang.ArchRule$Factory$SimpleArchRule.check(ArchRule.java:198)
	at com.tngtech.archunit.lang.syntax.ObjectsShouldInternal.check(ObjectsShouldInternal.java:81)
	at BasicTests.LocationCheck.classes_annoated_with_entity_annotation_should_resides_in_entity_package(LocationCheck.java:30)
... Removed 27 stack frames]]>
    </failure>
  </testcase> <!-- classes_annoated_with_entity_annotation_should_resides_in_entity_package -->
  <testcase name="classes_annoated_with_service_annotation_should_resides_in_service_package" time="0.0" classname="BasicTests.LocationCheck"/>
  <testcase name="interfaces_should_not_placed_in_entity_package" time="0.0" classname="BasicTests.LocationCheck"/>
</testsuite> <!-- LocationChecks -->
