<?xml version="1.0" encoding="UTF-8"?>
<!-- Generated by org.testng.reporters.JUnitXMLReporter -->
<testsuite hostname="ARPGL000231" name="NamingConvention" tests="3" failures="1" timestamp="9 Jul 2021 04:34:30 GMT" time="0.003" errors="0">
  <testcase name="controllers_should_be_suffixed" time="0.001" classname="BasicTests.NamingConvention">
    <failure type="java.lang.AssertionError" message="Architecture Violation [Priority: MEDIUM] - Rule &amp;apos;classes that reside in a package &amp;apos;..controller..&amp;apos; should have simple name ending with &amp;apos;Controller&amp;apos;&amp;apos; was violated (1 times):
simple name of demo.controller.demo does not end with &amp;apos;Controller&amp;apos; in (demo.java:0)">
      <![CDATA[java.lang.AssertionError: Architecture Violation [Priority: MEDIUM] - Rule 'classes that reside in a package '..controller..' should have simple name ending with 'Controller'' was violated (1 times):
simple name of demo.controller.demo does not end with 'Controller' in (demo.java:0)
	at com.tngtech.archunit.lang.ArchRule$Assertions.assertNoViolation(ArchRule.java:94)
	at com.tngtech.archunit.lang.ArchRule$Assertions.check(ArchRule.java:82)
	at com.tngtech.archunit.lang.ArchRule$Factory$SimpleArchRule.check(ArchRule.java:198)
	at com.tngtech.archunit.lang.syntax.ObjectsShouldInternal.check(ObjectsShouldInternal.java:81)
	at BasicTests.NamingConvention.controllers_should_be_suffixed(NamingConvention.java:23)
... Removed 27 stack frames]]>
    </failure>
  </testcase> <!-- controllers_should_be_suffixed -->
  <testcase name="interfaces_with_repository_should_be_in_a_repository_package" time="0.001" classname="BasicTests.NamingConvention"/>
  <testcase name="service_should_be_infix_with_service_word" time="0.0" classname="BasicTests.NamingConvention"/>
</testsuite> <!-- NamingConvention -->
