<?xml version="1.0" encoding="UTF-8"?>
<testsuite name="TestSuite" time="0.131" tests="10" errors="0" skipped="0" failures="3">
  <properties>
[...]
</properties>
  <testcase name="cycle_check" classname="BasicTests.CycleCheck" time="0.074">
    <failure message="Architecture Violation [Priority: MEDIUM] - Rule &apos;slices matching &apos;..demo..(*)..&apos; should be free of cycles&apos; was violated (1 times):&#10;Cycle detected: Slice firstservice -&gt; &#10;                Slice secondservice -&gt; &#10;                Slice firstservice&#10;  1. Dependencies of Slice firstservice&#10;    - Field &lt;demo.service.firstservice.FirstService.obj&gt; has type &lt;demo.service.secondservice.SecondService&gt; in (FirstService.java:0)&#10;  2. Dependencies of Slice secondservice&#10;    - Field &lt;demo.service.secondservice.SecondService.obj&gt; has type &lt;demo.service.firstservice.FirstService&gt; in (SecondService.java:0)" type="java.lang.AssertionError"><![CDATA[java.lang.AssertionError: Architecture Violation [Priority: MEDIUM] - Rule 'slices matching '..demo..(*)..' should be free of cycles' was violated (1 times):
Cycle detected: Slice firstservice -> 
                Slice secondservice -> 
                Slice firstservice
  1. Dependencies of Slice firstservice
    - Field <demo.service.firstservice.FirstService.obj> has type <demo.service.secondservice.SecondService> in (FirstService.java:0)
  2. Dependencies of Slice secondservice
    - Field <demo.service.secondservice.SecondService.obj> has type <demo.service.firstservice.FirstService> in (SecondService.java:0)
	at com.tngtech.archunit.lang.ArchRule$Assertions.assertNoViolation(ArchRule.java:94)
	at com.tngtech.archunit.lang.ArchRule$Assertions.check(ArchRule.java:82)
	at com.tngtech.archunit.lang.ArchRule$Factory$SimpleArchRule.check(ArchRule.java:198)
	at com.tngtech.archunit.lang.syntax.ObjectsShouldInternal.check(ObjectsShouldInternal.java:81)
	at com.tngtech.archunit.library.dependencies.SliceRule.check(SliceRule.java:64)
	at BasicTests.CycleCheck.cycle_check(CycleCheck.java:26)
]]></failure>
    <system-out><![CDATA[10:04:28.862 [main] INFO com.tngtech.archunit.core.PluginLoader - Detected Java version 1.8.0_92
10:04:28.876 [main] DEBUG com.tngtech.archunit.core.PluginLoader - Using legacy import plugin
10:04:28.910 [main] DEBUG com.tngtech.archunit.core.importer.UrlSource$From - Found URLs on sun.boot.class.path: [jar:file:/C:/Program%20Files/Java/jdk1.8.0_92/jre/lib/resources.jar!/, jar:file:/C:/Program%20Files/Java/jdk1.8.0_92/jre/lib/rt.jar!/, jar:file:/C:/Program%20Files/Java/jdk1.8.0_92/jre/lib/sunrsasign.jar!/, jar:file:/C:/Program%20Files/Java/jdk1.8.0_92/jre/lib/jsse.jar!/, jar:file:/C:/Program%20Files/Java/jdk1.8.0_92/jre/lib/jce.jar!/, jar:file:/C:/Program%20Files/Java/jdk1.8.0_92/jre/lib/charsets.jar!/, jar:file:/C:/Program%20Files/Java/jdk1.8.0_92/jre/lib/jfr.jar!/, file:/C:/Program%20Files/Java/jdk1.8.0_92/jre/classes]
10:04:28.924 [main] DEBUG com.tngtech.archunit.core.importer.UrlSource$From - Found URLs on java.class.path: [file:/C:/Users/neha_patil5/Documents/workspace-spring-tool-suite-4-4.7.0.RELEASE/ArchUnitDemo/target/test-classes/, file:/C:/Users/neha_patil5/Documents/workspace-spring-tool-suite-4-4.7.0.RELEASE/ArchUnitDemo/target/classes/, jar:file:/C:/Users/neha_patil5/.m2/repository/com/relevantcodes/extentreports/2.41.1/extentreports-2.41.1.jar!/, jar:file:/C:/Users/neha_patil5/.m2/repository/org/jsoup/jsoup/1.8.3/jsoup-1.8.3.jar!/, jar:file:/C:/Users/neha_patil5/.m2/repository/org/xerial/sqlite-jdbc/3.8.11.1/sqlite-jdbc-3.8.11.1.jar!/, jar:file:/C:/Users/neha_patil5/.m2/repository/org/freemarker/freemarker/2.3.23/freemarker-2.3.23.jar!/, jar:file:/C:/Users/neha_patil5/.m2/repository/org/mongodb/mongodb-driver/3.0.4/mongodb-driver-3.0.4.jar!/, jar:file:/C:/Users/neha_patil5/.m2/repository/org/mongodb/bson/3.0.4/bson-3.0.4.jar!/, jar:file:/C:/Users/neha_patil5/.m2/repository/org/mongodb/mongodb-driver-core/3.0.4/mongodb-driver-core-3.0.4.jar!/, jar:file:/C:/Users/neha_patil5/.m2/repository/org/testng/testng/6.9.4/testng-6.9.4.jar!/, jar:file:/C:/Users/neha_patil5/.m2/repository/org/beanshell/bsh/2.0b4/bsh-2.0b4.jar!/, jar:file:/C:/Users/neha_patil5/.m2/repository/com/beust/jcommander/1.48/jcommander-1.48.jar!/, jar:file:/C:/Users/neha_patil5/.m2/repository/org/apache/maven/doxia/doxia-site-renderer/1.8.1/doxia-site-renderer-1.8.1.jar!/, jar:file:/C:/Users/neha_patil5/.m2/repository/org/apache/maven/maven-artifact/3.0/maven-artifact-3.0.jar!/, jar:file:/C:/Users/neha_patil5/.m2/repository/org/apache/maven/doxia/doxia-core/1.8/doxia-core-1.8.jar!/, jar:file:/C:/Users/neha_patil5/.m2/repository/org/apache/httpcomponents/httpclient/4.0.2/httpclient-4.0.2.jar!/, jar:file:/C:/Users/neha_patil5/.m2/repository/org/apache/httpcomponents/httpcore/4.0.1/httpcore-4.0.1.jar!/, jar:file:/C:/Users/neha_patil5/.m2/repository/org/apache/maven/doxia/doxia-logging-api/1.8/doxia-logging-api-1.8.jar!/, jar:file:/C:/Users/neha_patil5/.m2/repository/org/apache/maven/doxia/doxia-sink-api/1.8/doxia-sink-api-1.8.jar!/, jar:file:/C:/Users/neha_patil5/.m2/repository/org/apache/maven/doxia/doxia-decoration-model/1.8.1/doxia-decoration-model-1.8.1.jar!/, jar:file:/C:/Users/neha_patil5/.m2/repository/org/apache/maven/doxia/doxia-skin-model/1.8.1/doxia-skin-model-1.8.1.jar!/, jar:file:/C:/Users/neha_patil5/.m2/repository/org/apache/maven/doxia/doxia-module-xhtml/1.8/doxia-module-xhtml-1.8.jar!/, jar:file:/C:/Users/neha_patil5/.m2/repository/org/codehaus/plexus/plexus-component-annotations/1.6/plexus-component-annotations-1.6.jar!/, jar:file:/C:/Users/neha_patil5/.m2/repository/org/codehaus/plexus/plexus-i18n/1.0-beta-7/plexus-i18n-1.0-beta-7.jar!/, jar:file:/C:/Users/neha_patil5/.m2/repository/org/codehaus/plexus/plexus-container-default/1.0-alpha-30/plexus-container-default-1.0-alpha-30.jar!/, jar:file:/C:/Users/neha_patil5/.m2/repository/org/codehaus/plexus/plexus-classworlds/1.2-alpha-9/plexus-classworlds-1.2-alpha-9.jar!/, jar:file:/C:/Users/neha_patil5/.m2/repository/org/codehaus/plexus/plexus-velocity/1.2/plexus-velocity-1.2.jar!/, jar:file:/C:/Users/neha_patil5/.m2/repository/org/codehaus/plexus/plexus-utils/3.0.22/plexus-utils-3.0.22.jar!/, jar:file:/C:/Users/neha_patil5/.m2/repository/org/apache/velocity/velocity/1.7/velocity-1.7.jar!/, jar:file:/C:/Users/neha_patil5/.m2/repository/commons-lang/commons-lang/2.4/commons-lang-2.4.jar!/, jar:file:/C:/Users/neha_patil5/.m2/repository/org/apache/velocity/velocity-tools/2.0/velocity-tools-2.0.jar!/, jar:file:/C:/Users/neha_patil5/.m2/repository/commons-beanutils/commons-beanutils/1.7.0/commons-beanutils-1.7.0.jar!/, jar:file:/C:/Users/neha_patil5/.m2/repository/commons-digester/commons-digester/1.8/commons-digester-1.8.jar!/, jar:file:/C:/Users/neha_patil5/.m2/repository/commons-chain/commons-chain/1.1/commons-chain-1.1.jar!/, jar:file:/C:/Users/neha_patil5/.m2/repository/commons-logging/commons-logging/1.1/commons-logging-1.1.jar!/, jar:file:/C:/Users/neha_patil5/.m2/repository/javax/servlet/servlet-api/2.3/servlet-api-2.3.jar!/, jar:file:/C:/Users/neha_patil5/.m2/repository/commons-validator/commons-validator/1.3.1/commons-validator-1.3.1.jar!/, jar:file:/C:/Users/neha_patil5/.m2/repository/dom4j/dom4j/1.1/dom4j-1.1.jar!/, jar:file:/C:/Users/neha_patil5/.m2/repository/oro/oro/2.0.8/oro-2.0.8.jar!/, jar:file:/C:/Users/neha_patil5/.m2/repository/sslext/sslext/1.2-0/sslext-1.2-0.jar!/, jar:file:/C:/Users/neha_patil5/.m2/repository/org/apache/struts/struts-core/1.3.8/struts-core-1.3.8.jar!/, jar:file:/C:/Users/neha_patil5/.m2/repository/antlr/antlr/2.7.2/antlr-2.7.2.jar!/, jar:file:/C:/Users/neha_patil5/.m2/repository/org/apache/struts/struts-taglib/1.3.8/struts-taglib-1.3.8.jar!/, jar:file:/C:/Users/neha_patil5/.m2/repository/org/apache/struts/struts-tiles/1.3.8/struts-tiles-1.3.8.jar!/, jar:file:/C:/Users/neha_patil5/.m2/repository/commons-collections/commons-collections/3.2.1/commons-collections-3.2.1.jar!/, jar:file:/C:/Users/neha_patil5/.m2/repository/org/apache/commons/commons-lang3/3.5/commons-lang3-3.5.jar!/, jar:file:/C:/Users/neha_patil5/.m2/repository/junit/junit/4.13.2/junit-4.13.2.jar!/, jar:file:/C:/Users/neha_patil5/.m2/repository/org/hamcrest/hamcrest-core/1.3/hamcrest-core-1.3.jar!/, jar:file:/C:/Users/neha_patil5/.m2/repository/org/springframework/boot/spring-boot-starter-web/2.5.2/spring-boot-starter-web-2.5.2.jar!/, jar:file:/C:/Users/neha_patil5/.m2/repository/org/springframework/boot/spring-boot-starter/2.5.2/spring-boot-starter-2.5.2.jar!/, jar:file:/C:/Users/neha_patil5/.m2/repository/org/springframework/boot/spring-boot/2.5.2/spring-boot-2.5.2.jar!/, jar:file:/C:/Users/neha_patil5/.m2/repository/org/springframework/boot/spring-boot-autoconfigure/2.5.2/spring-boot-autoconfigure-2.5.2.jar!/, jar:file:/C:/Users/neha_patil5/.m2/repository/org/springframework/boot/spring-boot-starter-logging/2.5.2/spring-boot-starter-logging-2.5.2.jar!/, jar:file:/C:/Users/neha_patil5/.m2/repository/ch/qos/logback/logback-classic/1.2.3/logback-classic-1.2.3.jar!/, jar:file:/C:/Users/neha_patil5/.m2/repository/ch/qos/logback/logback-core/1.2.3/logback-core-1.2.3.jar!/, jar:file:/C:/Users/neha_patil5/.m2/repository/org/apache/logging/log4j/log4j-to-slf4j/2.14.1/log4j-to-slf4j-2.14.1.jar!/, jar:file:/C:/Users/neha_patil5/.m2/repository/org/apache/logging/log4j/log4j-api/2.14.1/log4j-api-2.14.1.jar!/, jar:file:/C:/Users/neha_patil5/.m2/repository/org/slf4j/jul-to-slf4j/1.7.31/jul-to-slf4j-1.7.31.jar!/, jar:file:/C:/Users/neha_patil5/.m2/repository/jakarta/annotation/jakarta.annotation-api/1.3.5/jakarta.annotation-api-1.3.5.jar!/, jar:file:/C:/Users/neha_patil5/.m2/repository/org/yaml/snakeyaml/1.28/snakeyaml-1.28.jar!/, jar:file:/C:/Users/neha_patil5/.m2/repository/org/springframework/boot/spring-boot-starter-json/2.5.2/spring-boot-starter-json-2.5.2.jar!/, jar:file:/C:/Users/neha_patil5/.m2/repository/com/fasterxml/jackson/core/jackson-databind/2.12.3/jackson-databind-2.12.3.jar!/, jar:file:/C:/Users/neha_patil5/.m2/repository/com/fasterxml/jackson/core/jackson-annotations/2.12.3/jackson-annotations-2.12.3.jar!/, jar:file:/C:/Users/neha_patil5/.m2/repository/com/fasterxml/jackson/core/jackson-core/2.12.3/jackson-core-2.12.3.jar!/, jar:file:/C:/Users/neha_patil5/.m2/repository/com/fasterxml/jackson/datatype/jackson-datatype-jdk8/2.12.3/jackson-datatype-jdk8-2.12.3.jar!/, jar:file:/C:/Users/neha_patil5/.m2/repository/com/fasterxml/jackson/datatype/jackson-datatype-jsr310/2.12.3/jackson-datatype-jsr310-2.12.3.jar!/, jar:file:/C:/Users/neha_patil5/.m2/repository/com/fasterxml/jackson/module/jackson-module-parameter-names/2.12.3/jackson-module-parameter-names-2.12.3.jar!/, jar:file:/C:/Users/neha_patil5/.m2/repository/org/springframework/boot/spring-boot-starter-tomcat/2.5.2/spring-boot-starter-tomcat-2.5.2.jar!/, jar:file:/C:/Users/neha_patil5/.m2/repository/org/apache/tomcat/embed/tomcat-embed-core/9.0.48/tomcat-embed-core-9.0.48.jar!/, jar:file:/C:/Users/neha_patil5/.m2/repository/org/apache/tomcat/embed/tomcat-embed-el/9.0.48/tomcat-embed-el-9.0.48.jar!/, jar:file:/C:/Users/neha_patil5/.m2/repository/org/apache/tomcat/embed/tomcat-embed-websocket/9.0.48/tomcat-embed-websocket-9.0.48.jar!/, jar:file:/C:/Users/neha_patil5/.m2/repository/org/springframework/spring-web/5.3.8/spring-web-5.3.8.jar!/, jar:file:/C:/Users/neha_patil5/.m2/repository/org/springframework/spring-webmvc/5.3.8/spring-webmvc-5.3.8.jar!/, jar:file:/C:/Users/neha_patil5/.m2/repository/org/springframework/spring-expression/5.3.8/spring-expression-5.3.8.jar!/, jar:file:/C:/Users/neha_patil5/.m2/repository/org/springframework/data/spring-data-jpa/2.5.2/spring-data-jpa-2.5.2.jar!/, jar:file:/C:/Users/neha_patil5/.m2/repository/org/springframework/data/spring-data-commons/2.5.2/spring-data-commons-2.5.2.jar!/, jar:file:/C:/Users/neha_patil5/.m2/repository/org/springframework/spring-orm/5.3.8/spring-orm-5.3.8.jar!/, jar:file:/C:/Users/neha_patil5/.m2/repository/org/springframework/spring-jdbc/5.3.8/spring-jdbc-5.3.8.jar!/, jar:file:/C:/Users/neha_patil5/.m2/repository/org/springframework/spring-context/5.3.8/spring-context-5.3.8.jar!/, jar:file:/C:/Users/neha_patil5/.m2/repository/org/springframework/spring-aop/5.3.8/spring-aop-5.3.8.jar!/, jar:file:/C:/Users/neha_patil5/.m2/repository/org/springframework/spring-tx/5.3.8/spring-tx-5.3.8.jar!/, jar:file:/C:/Users/neha_patil5/.m2/repository/org/springframework/spring-beans/5.3.8/spring-beans-5.3.8.jar!/, jar:file:/C:/Users/neha_patil5/.m2/repository/org/springframework/spring-core/5.3.8/spring-core-5.3.8.jar!/, jar:file:/C:/Users/neha_patil5/.m2/repository/org/springframework/spring-jcl/5.3.8/spring-jcl-5.3.8.jar!/, jar:file:/C:/Users/neha_patil5/.m2/repository/org/aspectj/aspectjrt/1.9.6/aspectjrt-1.9.6.jar!/, jar:file:/C:/Users/neha_patil5/.m2/repository/org/slf4j/slf4j-api/1.7.26/slf4j-api-1.7.26.jar!/, jar:file:/C:/Users/neha_patil5/.m2/repository/com/tngtech/archunit/archunit-junit4/0.19.0/archunit-junit4-0.19.0.jar!/, jar:file:/C:/Users/neha_patil5/.m2/repository/com/tngtech/archunit/archunit/0.19.0/archunit-0.19.0.jar!/, jar:file:/C:/Users/neha_patil5/.m2/repository/net/sf/automatic-report-generator/xls-generator/v1.0/xls-generator-v1.0.jar!/, jar:file:/C:/Users/neha_patil5/.m2/repository/net/sf/automatic-report-generator/generic-generator/v1.0/generic-generator-v1.0.jar!/, jar:file:/C:/Users/neha_patil5/.m2/repository/log4j/log4j/1.2.17/log4j-1.2.17.jar!/, jar:file:/C:/Users/neha_patil5/.m2/repository/org/databene/contiperf/2.3.4/contiperf-2.3.4.jar!/, jar:file:/C:/Users/neha_patil5/.m2/repository/joda-time/joda-time/2.4/joda-time-2.4.jar!/, jar:file:/C:/Users/neha_patil5/.m2/repository/org/apache/poi/poi/3.14/poi-3.14.jar!/, jar:file:/C:/Users/neha_patil5/.m2/repository/commons-codec/commons-codec/1.10/commons-codec-1.10.jar!/, jar:file:/C:/Users/neha_patil5/.m2/repository/org/apache/poi/poi-ooxml/3.14/poi-ooxml-3.14.jar!/, jar:file:/C:/Users/neha_patil5/.m2/repository/org/apache/poi/poi-ooxml-schemas/3.14/poi-ooxml-schemas-3.14.jar!/, jar:file:/C:/Users/neha_patil5/.m2/repository/org/apache/xmlbeans/xmlbeans/2.6.0/xmlbeans-2.6.0.jar!/, jar:file:/C:/Users/neha_patil5/.m2/repository/stax/stax-api/1.0.1/stax-api-1.0.1.jar!/, jar:file:/C:/Users/neha_patil5/.m2/repository/com/github/virtuald/curvesapi/1.03/curvesapi-1.03.jar!/, jar:file:/C:/Users/neha_patil5/.m2/repository/jfree/jfreechart/1.0.13/jfreechart-1.0.13.jar!/, jar:file:/C:/Users/neha_patil5/.m2/repository/jfree/jcommon/1.0.16/jcommon-1.0.16.jar!/, jar:file:/C:/Users/neha_patil5/.m2/repository/javax/persistence/javax.persistence-api/2.2/javax.persistence-api-2.2.jar!/, jar:file:/C:/Users/neha_patil5/.m2/repository/org/apache/maven/surefire/surefire-testng-utils/2.18.1/surefire-testng-utils-2.18.1.jar!/, jar:file:/C:/Users/neha_patil5/.m2/repository/org/apache/maven/surefire/surefire-grouper/2.18.1/surefire-grouper-2.18.1.jar!/]
10:04:29.367 [main] DEBUG com.tngtech.archunit.ArchConfiguration - No configuration found in classpath at archunit.properties => Using default configuration
10:04:29.402 [main] DEBUG com.tngtech.archunit.core.importer.JavaClassProcessor - Analyzing class 'demo/controller/CustomerController'
10:04:29.473 [main] DEBUG com.tngtech.archunit.core.importer.JavaClassProcessor - Analyzing class 'demo/entity/Customer'
10:04:29.474 [main] DEBUG com.tngtech.archunit.core.importer.JavaClassProcessor - Analyzing class 'demo/service/firstservice/FirstService'
10:04:29.477 [main] DEBUG com.tngtech.archunit.core.importer.JavaClassProcessor - Analyzing class 'demo/service/ProductService'
10:04:29.479 [main] DEBUG com.tngtech.archunit.core.importer.JavaClassProcessor - Analyzing class 'demo/entity/Product'
10:04:29.480 [main] DEBUG com.tngtech.archunit.core.importer.JavaClassProcessor - Analyzing class 'demo/service/CustomerService'
10:04:29.482 [main] DEBUG com.tngtech.archunit.core.importer.JavaClassProcessor - Analyzing class 'demo/service/secondservice/SecondService'
10:04:29.483 [main] DEBUG com.tngtech.archunit.core.importer.JavaClassProcessor - Analyzing class 'demo/controller/demo'
10:04:29.485 [main] DEBUG com.tngtech.archunit.core.importer.JavaClassProcessor - Analyzing class 'demo/repository/DataRepository'
10:04:29.494 [main] DEBUG com.tngtech.archunit.core.importer.JavaClassProcessor - Analyzing class 'java/lang/Object'
10:04:29.501 [main] DEBUG com.tngtech.archunit.core.importer.JavaClassProcessor - Analyzing class 'org/springframework/stereotype/Controller'
10:04:29.505 [main] DEBUG com.tngtech.archunit.core.importer.JavaClassProcessor - Analyzing class 'java/lang/annotation/Retention'
10:04:29.506 [main] DEBUG com.tngtech.archunit.core.importer.JavaClassProcessor - Analyzing class 'java/lang/annotation/Documented'
10:04:29.507 [main] DEBUG com.tngtech.archunit.core.importer.JavaClassProcessor - Analyzing class 'java/lang/annotation/Target'
10:04:29.508 [main] DEBUG com.tngtech.archunit.core.importer.JavaClassProcessor - Analyzing class 'org/springframework/stereotype/Component'
10:04:29.510 [main] DEBUG com.tngtech.archunit.core.importer.JavaClassProcessor - Analyzing class 'org/springframework/stereotype/Indexed'
10:04:29.512 [main] DEBUG com.tngtech.archunit.core.importer.JavaClassProcessor - Analyzing class 'org/springframework/core/annotation/AliasFor'
10:04:29.514 [main] DEBUG com.tngtech.archunit.core.importer.JavaClassProcessor - Analyzing class 'javax/persistence/Entity'
10:04:29.515 [main] DEBUG com.tngtech.archunit.core.importer.JavaClassProcessor - Analyzing class 'org/springframework/stereotype/Service'
10:04:29.524 [main] DEBUG com.tngtech.archunit.core.importer.JavaClassProcessor - Analyzing class 'java/lang/Class'
10:04:29.539 [main] DEBUG com.tngtech.archunit.core.importer.JavaClassProcessor - Analyzing class 'java/lang/CloneNotSupportedException'
10:04:29.540 [main] DEBUG com.tngtech.archunit.core.importer.JavaClassProcessor - Analyzing class 'java/lang/String'
10:04:29.546 [main] DEBUG com.tngtech.archunit.core.importer.JavaClassProcessor - Analyzing class 'java/lang/InterruptedException'
10:04:29.547 [main] DEBUG com.tngtech.archunit.core.importer.JavaClassProcessor - Analyzing class 'java/lang/Throwable'
10:04:29.549 [main] DEBUG com.tngtech.archunit.core.importer.JavaClassProcessor - Analyzing class 'java/lang/annotation/Annotation'
10:04:29.550 [main] DEBUG com.tngtech.archunit.core.importer.JavaClassProcessor - Analyzing class 'java/lang/annotation/RetentionPolicy'
10:04:29.551 [main] DEBUG com.tngtech.archunit.core.importer.JavaClassProcessor - Analyzing class 'java/lang/annotation/ElementType'
10:04:29.580 [main] DEBUG com.tngtech.archunit.core.importer.UrlSource$From - Found URLs on sun.boot.class.path: [jar:file:/C:/Program%20Files/Java/jdk1.8.0_92/jre/lib/resources.jar!/, jar:file:/C:/Program%20Files/Java/jdk1.8.0_92/jre/lib/rt.jar!/, jar:file:/C:/Program%20Files/Java/jdk1.8.0_92/jre/lib/sunrsasign.jar!/, jar:file:/C:/Program%20Files/Java/jdk1.8.0_92/jre/lib/jsse.jar!/, jar:file:/C:/Program%20Files/Java/jdk1.8.0_92/jre/lib/jce.jar!/, jar:file:/C:/Program%20Files/Java/jdk1.8.0_92/jre/lib/charsets.jar!/, jar:file:/C:/Program%20Files/Java/jdk1.8.0_92/jre/lib/jfr.jar!/, file:/C:/Program%20Files/Java/jdk1.8.0_92/jre/classes]
10:04:29.590 [main] DEBUG com.tngtech.archunit.core.importer.UrlSource$From - Found URLs on java.class.path: [file:/C:/Users/neha_patil5/Documents/workspace-spring-tool-suite-4-4.7.0.RELEASE/ArchUnitDemo/target/test-classes/, file:/C:/Users/neha_patil5/Documents/workspace-spring-tool-suite-4-4.7.0.RELEASE/ArchUnitDemo/target/classes/, jar:file:/C:/Users/neha_patil5/.m2/repository/com/relevantcodes/extentreports/2.41.1/extentreports-2.41.1.jar!/, jar:file:/C:/Users/neha_patil5/.m2/repository/org/jsoup/jsoup/1.8.3/jsoup-1.8.3.jar!/, jar:file:/C:/Users/neha_patil5/.m2/repository/org/xerial/sqlite-jdbc/3.8.11.1/sqlite-jdbc-3.8.11.1.jar!/, jar:file:/C:/Users/neha_patil5/.m2/repository/org/freemarker/freemarker/2.3.23/freemarker-2.3.23.jar!/, jar:file:/C:/Users/neha_patil5/.m2/repository/org/mongodb/mongodb-driver/3.0.4/mongodb-driver-3.0.4.jar!/, jar:file:/C:/Users/neha_patil5/.m2/repository/org/mongodb/bson/3.0.4/bson-3.0.4.jar!/, jar:file:/C:/Users/neha_patil5/.m2/repository/org/mongodb/mongodb-driver-core/3.0.4/mongodb-driver-core-3.0.4.jar!/, jar:file:/C:/Users/neha_patil5/.m2/repository/org/testng/testng/6.9.4/testng-6.9.4.jar!/, jar:file:/C:/Users/neha_patil5/.m2/repository/org/beanshell/bsh/2.0b4/bsh-2.0b4.jar!/, jar:file:/C:/Users/neha_patil5/.m2/repository/com/beust/jcommander/1.48/jcommander-1.48.jar!/, jar:file:/C:/Users/neha_patil5/.m2/repository/org/apache/maven/doxia/doxia-site-renderer/1.8.1/doxia-site-renderer-1.8.1.jar!/, jar:file:/C:/Users/neha_patil5/.m2/repository/org/apache/maven/maven-artifact/3.0/maven-artifact-3.0.jar!/, jar:file:/C:/Users/neha_patil5/.m2/repository/org/apache/maven/doxia/doxia-core/1.8/doxia-core-1.8.jar!/, jar:file:/C:/Users/neha_patil5/.m2/repository/org/apache/httpcomponents/httpclient/4.0.2/httpclient-4.0.2.jar!/, jar:file:/C:/Users/neha_patil5/.m2/repository/org/apache/httpcomponents/httpcore/4.0.1/httpcore-4.0.1.jar!/, jar:file:/C:/Users/neha_patil5/.m2/repository/org/apache/maven/doxia/doxia-logging-api/1.8/doxia-logging-api-1.8.jar!/, jar:file:/C:/Users/neha_patil5/.m2/repository/org/apache/maven/doxia/doxia-sink-api/1.8/doxia-sink-api-1.8.jar!/, jar:file:/C:/Users/neha_patil5/.m2/repository/org/apache/maven/doxia/doxia-decoration-model/1.8.1/doxia-decoration-model-1.8.1.jar!/, jar:file:/C:/Users/neha_patil5/.m2/repository/org/apache/maven/doxia/doxia-skin-model/1.8.1/doxia-skin-model-1.8.1.jar!/, jar:file:/C:/Users/neha_patil5/.m2/repository/org/apache/maven/doxia/doxia-module-xhtml/1.8/doxia-module-xhtml-1.8.jar!/, jar:file:/C:/Users/neha_patil5/.m2/repository/org/codehaus/plexus/plexus-component-annotations/1.6/plexus-component-annotations-1.6.jar!/, jar:file:/C:/Users/neha_patil5/.m2/repository/org/codehaus/plexus/plexus-i18n/1.0-beta-7/plexus-i18n-1.0-beta-7.jar!/, jar:file:/C:/Users/neha_patil5/.m2/repository/org/codehaus/plexus/plexus-container-default/1.0-alpha-30/plexus-container-default-1.0-alpha-30.jar!/, jar:file:/C:/Users/neha_patil5/.m2/repository/org/codehaus/plexus/plexus-classworlds/1.2-alpha-9/plexus-classworlds-1.2-alpha-9.jar!/, jar:file:/C:/Users/neha_patil5/.m2/repository/org/codehaus/plexus/plexus-velocity/1.2/plexus-velocity-1.2.jar!/, jar:file:/C:/Users/neha_patil5/.m2/repository/org/codehaus/plexus/plexus-utils/3.0.22/plexus-utils-3.0.22.jar!/, jar:file:/C:/Users/neha_patil5/.m2/repository/org/apache/velocity/velocity/1.7/velocity-1.7.jar!/, jar:file:/C:/Users/neha_patil5/.m2/repository/commons-lang/commons-lang/2.4/commons-lang-2.4.jar!/, jar:file:/C:/Users/neha_patil5/.m2/repository/org/apache/velocity/velocity-tools/2.0/velocity-tools-2.0.jar!/, jar:file:/C:/Users/neha_patil5/.m2/repository/commons-beanutils/commons-beanutils/1.7.0/commons-beanutils-1.7.0.jar!/, jar:file:/C:/Users/neha_patil5/.m2/repository/commons-digester/commons-digester/1.8/commons-digester-1.8.jar!/, jar:file:/C:/Users/neha_patil5/.m2/repository/commons-chain/commons-chain/1.1/commons-chain-1.1.jar!/, jar:file:/C:/Users/neha_patil5/.m2/repository/commons-logging/commons-logging/1.1/commons-logging-1.1.jar!/, jar:file:/C:/Users/neha_patil5/.m2/repository/javax/servlet/servlet-api/2.3/servlet-api-2.3.jar!/, jar:file:/C:/Users/neha_patil5/.m2/repository/commons-validator/commons-validator/1.3.1/commons-validator-1.3.1.jar!/, jar:file:/C:/Users/neha_patil5/.m2/repository/dom4j/dom4j/1.1/dom4j-1.1.jar!/, jar:file:/C:/Users/neha_patil5/.m2/repository/oro/oro/2.0.8/oro-2.0.8.jar!/, jar:file:/C:/Users/neha_patil5/.m2/repository/sslext/sslext/1.2-0/sslext-1.2-0.jar!/, jar:file:/C:/Users/neha_patil5/.m2/repository/org/apache/struts/struts-core/1.3.8/struts-core-1.3.8.jar!/, jar:file:/C:/Users/neha_patil5/.m2/repository/antlr/antlr/2.7.2/antlr-2.7.2.jar!/, jar:file:/C:/Users/neha_patil5/.m2/repository/org/apache/struts/struts-taglib/1.3.8/struts-taglib-1.3.8.jar!/, jar:file:/C:/Users/neha_patil5/.m2/repository/org/apache/struts/struts-tiles/1.3.8/struts-tiles-1.3.8.jar!/, jar:file:/C:/Users/neha_patil5/.m2/repository/commons-collections/commons-collections/3.2.1/commons-collections-3.2.1.jar!/, jar:file:/C:/Users/neha_patil5/.m2/repository/org/apache/commons/commons-lang3/3.5/commons-lang3-3.5.jar!/, jar:file:/C:/Users/neha_patil5/.m2/repository/junit/junit/4.13.2/junit-4.13.2.jar!/, jar:file:/C:/Users/neha_patil5/.m2/repository/org/hamcrest/hamcrest-core/1.3/hamcrest-core-1.3.jar!/, jar:file:/C:/Users/neha_patil5/.m2/repository/org/springframework/boot/spring-boot-starter-web/2.5.2/spring-boot-starter-web-2.5.2.jar!/, jar:file:/C:/Users/neha_patil5/.m2/repository/org/springframework/boot/spring-boot-starter/2.5.2/spring-boot-starter-2.5.2.jar!/, jar:file:/C:/Users/neha_patil5/.m2/repository/org/springframework/boot/spring-boot/2.5.2/spring-boot-2.5.2.jar!/, jar:file:/C:/Users/neha_patil5/.m2/repository/org/springframework/boot/spring-boot-autoconfigure/2.5.2/spring-boot-autoconfigure-2.5.2.jar!/, jar:file:/C:/Users/neha_patil5/.m2/repository/org/springframework/boot/spring-boot-starter-logging/2.5.2/spring-boot-starter-logging-2.5.2.jar!/, jar:file:/C:/Users/neha_patil5/.m2/repository/ch/qos/logback/logback-classic/1.2.3/logback-classic-1.2.3.jar!/, jar:file:/C:/Users/neha_patil5/.m2/repository/ch/qos/logback/logback-core/1.2.3/logback-core-1.2.3.jar!/, jar:file:/C:/Users/neha_patil5/.m2/repository/org/apache/logging/log4j/log4j-to-slf4j/2.14.1/log4j-to-slf4j-2.14.1.jar!/, jar:file:/C:/Users/neha_patil5/.m2/repository/org/apache/logging/log4j/log4j-api/2.14.1/log4j-api-2.14.1.jar!/, jar:file:/C:/Users/neha_patil5/.m2/repository/org/slf4j/jul-to-slf4j/1.7.31/jul-to-slf4j-1.7.31.jar!/, jar:file:/C:/Users/neha_patil5/.m2/repository/jakarta/annotation/jakarta.annotation-api/1.3.5/jakarta.annotation-api-1.3.5.jar!/, jar:file:/C:/Users/neha_patil5/.m2/repository/org/yaml/snakeyaml/1.28/snakeyaml-1.28.jar!/, jar:file:/C:/Users/neha_patil5/.m2/repository/org/springframework/boot/spring-boot-starter-json/2.5.2/spring-boot-starter-json-2.5.2.jar!/, jar:file:/C:/Users/neha_patil5/.m2/repository/com/fasterxml/jackson/core/jackson-databind/2.12.3/jackson-databind-2.12.3.jar!/, jar:file:/C:/Users/neha_patil5/.m2/repository/com/fasterxml/jackson/core/jackson-annotations/2.12.3/jackson-annotations-2.12.3.jar!/, jar:file:/C:/Users/neha_patil5/.m2/repository/com/fasterxml/jackson/core/jackson-core/2.12.3/jackson-core-2.12.3.jar!/, jar:file:/C:/Users/neha_patil5/.m2/repository/com/fasterxml/jackson/datatype/jackson-datatype-jdk8/2.12.3/jackson-datatype-jdk8-2.12.3.jar!/, jar:file:/C:/Users/neha_patil5/.m2/repository/com/fasterxml/jackson/datatype/jackson-datatype-jsr310/2.12.3/jackson-datatype-jsr310-2.12.3.jar!/, jar:file:/C:/Users/neha_patil5/.m2/repository/com/fasterxml/jackson/module/jackson-module-parameter-names/2.12.3/jackson-module-parameter-names-2.12.3.jar!/, jar:file:/C:/Users/neha_patil5/.m2/repository/org/springframework/boot/spring-boot-starter-tomcat/2.5.2/spring-boot-starter-tomcat-2.5.2.jar!/, jar:file:/C:/Users/neha_patil5/.m2/repository/org/apache/tomcat/embed/tomcat-embed-core/9.0.48/tomcat-embed-core-9.0.48.jar!/, jar:file:/C:/Users/neha_patil5/.m2/repository/org/apache/tomcat/embed/tomcat-embed-el/9.0.48/tomcat-embed-el-9.0.48.jar!/, jar:file:/C:/Users/neha_patil5/.m2/repository/org/apache/tomcat/embed/tomcat-embed-websocket/9.0.48/tomcat-embed-websocket-9.0.48.jar!/, jar:file:/C:/Users/neha_patil5/.m2/repository/org/springframework/spring-web/5.3.8/spring-web-5.3.8.jar!/, jar:file:/C:/Users/neha_patil5/.m2/repository/org/springframework/spring-webmvc/5.3.8/spring-webmvc-5.3.8.jar!/, jar:file:/C:/Users/neha_patil5/.m2/repository/org/springframework/spring-expression/5.3.8/spring-expression-5.3.8.jar!/, jar:file:/C:/Users/neha_patil5/.m2/repository/org/springframework/data/spring-data-jpa/2.5.2/spring-data-jpa-2.5.2.jar!/, jar:file:/C:/Users/neha_patil5/.m2/repository/org/springframework/data/spring-data-commons/2.5.2/spring-data-commons-2.5.2.jar!/, jar:file:/C:/Users/neha_patil5/.m2/repository/org/springframework/spring-orm/5.3.8/spring-orm-5.3.8.jar!/, jar:file:/C:/Users/neha_patil5/.m2/repository/org/springframework/spring-jdbc/5.3.8/spring-jdbc-5.3.8.jar!/, jar:file:/C:/Users/neha_patil5/.m2/repository/org/springframework/spring-context/5.3.8/spring-context-5.3.8.jar!/, jar:file:/C:/Users/neha_patil5/.m2/repository/org/springframework/spring-aop/5.3.8/spring-aop-5.3.8.jar!/, jar:file:/C:/Users/neha_patil5/.m2/repository/org/springframework/spring-tx/5.3.8/spring-tx-5.3.8.jar!/, jar:file:/C:/Users/neha_patil5/.m2/repository/org/springframework/spring-beans/5.3.8/spring-beans-5.3.8.jar!/, jar:file:/C:/Users/neha_patil5/.m2/repository/org/springframework/spring-core/5.3.8/spring-core-5.3.8.jar!/, jar:file:/C:/Users/neha_patil5/.m2/repository/org/springframework/spring-jcl/5.3.8/spring-jcl-5.3.8.jar!/, jar:file:/C:/Users/neha_patil5/.m2/repository/org/aspectj/aspectjrt/1.9.6/aspectjrt-1.9.6.jar!/, jar:file:/C:/Users/neha_patil5/.m2/repository/org/slf4j/slf4j-api/1.7.26/slf4j-api-1.7.26.jar!/, jar:file:/C:/Users/neha_patil5/.m2/repository/com/tngtech/archunit/archunit-junit4/0.19.0/archunit-junit4-0.19.0.jar!/, jar:file:/C:/Users/neha_patil5/.m2/repository/com/tngtech/archunit/archunit/0.19.0/archunit-0.19.0.jar!/, jar:file:/C:/Users/neha_patil5/.m2/repository/net/sf/automatic-report-generator/xls-generator/v1.0/xls-generator-v1.0.jar!/, jar:file:/C:/Users/neha_patil5/.m2/repository/net/sf/automatic-report-generator/generic-generator/v1.0/generic-generator-v1.0.jar!/, jar:file:/C:/Users/neha_patil5/.m2/repository/log4j/log4j/1.2.17/log4j-1.2.17.jar!/, jar:file:/C:/Users/neha_patil5/.m2/repository/org/databene/contiperf/2.3.4/contiperf-2.3.4.jar!/, jar:file:/C:/Users/neha_patil5/.m2/repository/joda-time/joda-time/2.4/joda-time-2.4.jar!/, jar:file:/C:/Users/neha_patil5/.m2/repository/org/apache/poi/poi/3.14/poi-3.14.jar!/, jar:file:/C:/Users/neha_patil5/.m2/repository/commons-codec/commons-codec/1.10/commons-codec-1.10.jar!/, jar:file:/C:/Users/neha_patil5/.m2/repository/org/apache/poi/poi-ooxml/3.14/poi-ooxml-3.14.jar!/, jar:file:/C:/Users/neha_patil5/.m2/repository/org/apache/poi/poi-ooxml-schemas/3.14/poi-ooxml-schemas-3.14.jar!/, jar:file:/C:/Users/neha_patil5/.m2/repository/org/apache/xmlbeans/xmlbeans/2.6.0/xmlbeans-2.6.0.jar!/, jar:file:/C:/Users/neha_patil5/.m2/repository/stax/stax-api/1.0.1/stax-api-1.0.1.jar!/, jar:file:/C:/Users/neha_patil5/.m2/repository/com/github/virtuald/curvesapi/1.03/curvesapi-1.03.jar!/, jar:file:/C:/Users/neha_patil5/.m2/repository/jfree/jfreechart/1.0.13/jfreechart-1.0.13.jar!/, jar:file:/C:/Users/neha_patil5/.m2/repository/jfree/jcommon/1.0.16/jcommon-1.0.16.jar!/, jar:file:/C:/Users/neha_patil5/.m2/repository/javax/persistence/javax.persistence-api/2.2/javax.persistence-api-2.2.jar!/, jar:file:/C:/Users/neha_patil5/.m2/repository/org/apache/maven/surefire/surefire-testng-utils/2.18.1/surefire-testng-utils-2.18.1.jar!/, jar:file:/C:/Users/neha_patil5/.m2/repository/org/apache/maven/surefire/surefire-grouper/2.18.1/surefire-grouper-2.18.1.jar!/]
10:04:29.687 [main] DEBUG com.tngtech.archunit.core.importer.JavaClassProcessor - Analyzing class 'demo/service/firstservice/FirstService'
10:04:29.689 [main] DEBUG com.tngtech.archunit.core.importer.JavaClassProcessor - Analyzing class 'demo/repository/DataRepository'
10:04:29.691 [main] DEBUG com.tngtech.archunit.core.importer.JavaClassProcessor - Analyzing class 'demo/service/ProductService'
10:04:29.692 [main] DEBUG com.tngtech.archunit.core.importer.JavaClassProcessor - Analyzing class 'demo/entity/Product'
10:04:29.694 [main] DEBUG com.tngtech.archunit.core.importer.JavaClassProcessor - Analyzing class 'demo/service/secondservice/SecondService'
10:04:29.695 [main] DEBUG com.tngtech.archunit.core.importer.JavaClassProcessor - Analyzing class 'demo/entity/Customer'
10:04:29.697 [main] DEBUG com.tngtech.archunit.core.importer.JavaClassProcessor - Analyzing class 'demo/controller/CustomerController'
10:04:29.699 [main] DEBUG com.tngtech.archunit.core.importer.JavaClassProcessor - Analyzing class 'demo/controller/demo'
10:04:29.700 [main] DEBUG com.tngtech.archunit.core.importer.JavaClassProcessor - Analyzing class 'demo/service/CustomerService'
10:04:29.701 [main] DEBUG com.tngtech.archunit.core.importer.JavaClassProcessor - Analyzing class 'java/lang/Object'
10:04:29.703 [main] DEBUG com.tngtech.archunit.core.importer.JavaClassProcessor - Analyzing class 'org/springframework/stereotype/Controller'
10:04:29.704 [main] DEBUG com.tngtech.archunit.core.importer.JavaClassProcessor - Analyzing class 'java/lang/annotation/Documented'
10:04:29.705 [main] DEBUG com.tngtech.archunit.core.importer.JavaClassProcessor - Analyzing class 'java/lang/annotation/Target'
10:04:29.705 [main] DEBUG com.tngtech.archunit.core.importer.JavaClassProcessor - Analyzing class 'java/lang/annotation/Retention'
10:04:29.706 [main] DEBUG com.tngtech.archunit.core.importer.JavaClassProcessor - Analyzing class 'org/springframework/stereotype/Component'
10:04:29.707 [main] DEBUG com.tngtech.archunit.core.importer.JavaClassProcessor - Analyzing class 'org/springframework/stereotype/Indexed'
10:04:29.708 [main] DEBUG com.tngtech.archunit.core.importer.JavaClassProcessor - Analyzing class 'org/springframework/core/annotation/AliasFor'
10:04:29.709 [main] DEBUG com.tngtech.archunit.core.importer.JavaClassProcessor - Analyzing class 'javax/persistence/Entity'
10:04:29.710 [main] DEBUG com.tngtech.archunit.core.importer.JavaClassProcessor - Analyzing class 'org/springframework/stereotype/Service'
10:04:29.712 [main] DEBUG com.tngtech.archunit.core.importer.JavaClassProcessor - Analyzing class 'java/lang/Class'
10:04:29.716 [main] DEBUG com.tngtech.archunit.core.importer.JavaClassProcessor - Analyzing class 'java/lang/CloneNotSupportedException'
10:04:29.717 [main] DEBUG com.tngtech.archunit.core.importer.JavaClassProcessor - Analyzing class 'java/lang/String'
10:04:29.722 [main] DEBUG com.tngtech.archunit.core.importer.JavaClassProcessor - Analyzing class 'java/lang/InterruptedException'
10:04:29.722 [main] DEBUG com.tngtech.archunit.core.importer.JavaClassProcessor - Analyzing class 'java/lang/Throwable'
10:04:29.724 [main] DEBUG com.tngtech.archunit.core.importer.JavaClassProcessor - Analyzing class 'java/lang/annotation/Annotation'
10:04:29.724 [main] DEBUG com.tngtech.archunit.core.importer.JavaClassProcessor - Analyzing class 'java/lang/annotation/ElementType'
10:04:29.725 [main] DEBUG com.tngtech.archunit.core.importer.JavaClassProcessor - Analyzing class 'java/lang/annotation/RetentionPolicy'
10:04:29.732 [main] DEBUG com.tngtech.archunit.core.importer.UrlSource$From - Found URLs on sun.boot.class.path: [jar:file:/C:/Program%20Files/Java/jdk1.8.0_92/jre/lib/resources.jar!/, jar:file:/C:/Program%20Files/Java/jdk1.8.0_92/jre/lib/rt.jar!/, jar:file:/C:/Program%20Files/Java/jdk1.8.0_92/jre/lib/sunrsasign.jar!/, jar:file:/C:/Program%20Files/Java/jdk1.8.0_92/jre/lib/jsse.jar!/, jar:file:/C:/Program%20Files/Java/jdk1.8.0_92/jre/lib/jce.jar!/, jar:file:/C:/Program%20Files/Java/jdk1.8.0_92/jre/lib/charsets.jar!/, jar:file:/C:/Program%20Files/Java/jdk1.8.0_92/jre/lib/jfr.jar!/, file:/C:/Program%20Files/Java/jdk1.8.0_92/jre/classes]
10:04:29.743 [main] DEBUG com.tngtech.archunit.core.importer.UrlSource$From - Found URLs on java.class.path: [file:/C:/Users/neha_patil5/Documents/workspace-spring-tool-suite-4-4.7.0.RELEASE/ArchUnitDemo/target/test-classes/, file:/C:/Users/neha_patil5/Documents/workspace-spring-tool-suite-4-4.7.0.RELEASE/ArchUnitDemo/target/classes/, jar:file:/C:/Users/neha_patil5/.m2/repository/com/relevantcodes/extentreports/2.41.1/extentreports-2.41.1.jar!/, jar:file:/C:/Users/neha_patil5/.m2/repository/org/jsoup/jsoup/1.8.3/jsoup-1.8.3.jar!/, jar:file:/C:/Users/neha_patil5/.m2/repository/org/xerial/sqlite-jdbc/3.8.11.1/sqlite-jdbc-3.8.11.1.jar!/, jar:file:/C:/Users/neha_patil5/.m2/repository/org/freemarker/freemarker/2.3.23/freemarker-2.3.23.jar!/, jar:file:/C:/Users/neha_patil5/.m2/repository/org/mongodb/mongodb-driver/3.0.4/mongodb-driver-3.0.4.jar!/, jar:file:/C:/Users/neha_patil5/.m2/repository/org/mongodb/bson/3.0.4/bson-3.0.4.jar!/, jar:file:/C:/Users/neha_patil5/.m2/repository/org/mongodb/mongodb-driver-core/3.0.4/mongodb-driver-core-3.0.4.jar!/, jar:file:/C:/Users/neha_patil5/.m2/repository/org/testng/testng/6.9.4/testng-6.9.4.jar!/, jar:file:/C:/Users/neha_patil5/.m2/repository/org/beanshell/bsh/2.0b4/bsh-2.0b4.jar!/, jar:file:/C:/Users/neha_patil5/.m2/repository/com/beust/jcommander/1.48/jcommander-1.48.jar!/, jar:file:/C:/Users/neha_patil5/.m2/repository/org/apache/maven/doxia/doxia-site-renderer/1.8.1/doxia-site-renderer-1.8.1.jar!/, jar:file:/C:/Users/neha_patil5/.m2/repository/org/apache/maven/maven-artifact/3.0/maven-artifact-3.0.jar!/, jar:file:/C:/Users/neha_patil5/.m2/repository/org/apache/maven/doxia/doxia-core/1.8/doxia-core-1.8.jar!/, jar:file:/C:/Users/neha_patil5/.m2/repository/org/apache/httpcomponents/httpclient/4.0.2/httpclient-4.0.2.jar!/, jar:file:/C:/Users/neha_patil5/.m2/repository/org/apache/httpcomponents/httpcore/4.0.1/httpcore-4.0.1.jar!/, jar:file:/C:/Users/neha_patil5/.m2/repository/org/apache/maven/doxia/doxia-logging-api/1.8/doxia-logging-api-1.8.jar!/, jar:file:/C:/Users/neha_patil5/.m2/repository/org/apache/maven/doxia/doxia-sink-api/1.8/doxia-sink-api-1.8.jar!/, jar:file:/C:/Users/neha_patil5/.m2/repository/org/apache/maven/doxia/doxia-decoration-model/1.8.1/doxia-decoration-model-1.8.1.jar!/, jar:file:/C:/Users/neha_patil5/.m2/repository/org/apache/maven/doxia/doxia-skin-model/1.8.1/doxia-skin-model-1.8.1.jar!/, jar:file:/C:/Users/neha_patil5/.m2/repository/org/apache/maven/doxia/doxia-module-xhtml/1.8/doxia-module-xhtml-1.8.jar!/, jar:file:/C:/Users/neha_patil5/.m2/repository/org/codehaus/plexus/plexus-component-annotations/1.6/plexus-component-annotations-1.6.jar!/, jar:file:/C:/Users/neha_patil5/.m2/repository/org/codehaus/plexus/plexus-i18n/1.0-beta-7/plexus-i18n-1.0-beta-7.jar!/, jar:file:/C:/Users/neha_patil5/.m2/repository/org/codehaus/plexus/plexus-container-default/1.0-alpha-30/plexus-container-default-1.0-alpha-30.jar!/, jar:file:/C:/Users/neha_patil5/.m2/repository/org/codehaus/plexus/plexus-classworlds/1.2-alpha-9/plexus-classworlds-1.2-alpha-9.jar!/, jar:file:/C:/Users/neha_patil5/.m2/repository/org/codehaus/plexus/plexus-velocity/1.2/plexus-velocity-1.2.jar!/, jar:file:/C:/Users/neha_patil5/.m2/repository/org/codehaus/plexus/plexus-utils/3.0.22/plexus-utils-3.0.22.jar!/, jar:file:/C:/Users/neha_patil5/.m2/repository/org/apache/velocity/velocity/1.7/velocity-1.7.jar!/, jar:file:/C:/Users/neha_patil5/.m2/repository/commons-lang/commons-lang/2.4/commons-lang-2.4.jar!/, jar:file:/C:/Users/neha_patil5/.m2/repository/org/apache/velocity/velocity-tools/2.0/velocity-tools-2.0.jar!/, jar:file:/C:/Users/neha_patil5/.m2/repository/commons-beanutils/commons-beanutils/1.7.0/commons-beanutils-1.7.0.jar!/, jar:file:/C:/Users/neha_patil5/.m2/repository/commons-digester/commons-digester/1.8/commons-digester-1.8.jar!/, jar:file:/C:/Users/neha_patil5/.m2/repository/commons-chain/commons-chain/1.1/commons-chain-1.1.jar!/, jar:file:/C:/Users/neha_patil5/.m2/repository/commons-logging/commons-logging/1.1/commons-logging-1.1.jar!/, jar:file:/C:/Users/neha_patil5/.m2/repository/javax/servlet/servlet-api/2.3/servlet-api-2.3.jar!/, jar:file:/C:/Users/neha_patil5/.m2/repository/commons-validator/commons-validator/1.3.1/commons-validator-1.3.1.jar!/, jar:file:/C:/Users/neha_patil5/.m2/repository/dom4j/dom4j/1.1/dom4j-1.1.jar!/, jar:file:/C:/Users/neha_patil5/.m2/repository/oro/oro/2.0.8/oro-2.0.8.jar!/, jar:file:/C:/Users/neha_patil5/.m2/repository/sslext/sslext/1.2-0/sslext-1.2-0.jar!/, jar:file:/C:/Users/neha_patil5/.m2/repository/org/apache/struts/struts-core/1.3.8/struts-core-1.3.8.jar!/, jar:file:/C:/Users/neha_patil5/.m2/repository/antlr/antlr/2.7.2/antlr-2.7.2.jar!/, jar:file:/C:/Users/neha_patil5/.m2/repository/org/apache/struts/struts-taglib/1.3.8/struts-taglib-1.3.8.jar!/, jar:file:/C:/Users/neha_patil5/.m2/repository/org/apache/struts/struts-tiles/1.3.8/struts-tiles-1.3.8.jar!/, jar:file:/C:/Users/neha_patil5/.m2/repository/commons-collections/commons-collections/3.2.1/commons-collections-3.2.1.jar!/, jar:file:/C:/Users/neha_patil5/.m2/repository/org/apache/commons/commons-lang3/3.5/commons-lang3-3.5.jar!/, jar:file:/C:/Users/neha_patil5/.m2/repository/junit/junit/4.13.2/junit-4.13.2.jar!/, jar:file:/C:/Users/neha_patil5/.m2/repository/org/hamcrest/hamcrest-core/1.3/hamcrest-core-1.3.jar!/, jar:file:/C:/Users/neha_patil5/.m2/repository/org/springframework/boot/spring-boot-starter-web/2.5.2/spring-boot-starter-web-2.5.2.jar!/, jar:file:/C:/Users/neha_patil5/.m2/repository/org/springframework/boot/spring-boot-starter/2.5.2/spring-boot-starter-2.5.2.jar!/, jar:file:/C:/Users/neha_patil5/.m2/repository/org/springframework/boot/spring-boot/2.5.2/spring-boot-2.5.2.jar!/, jar:file:/C:/Users/neha_patil5/.m2/repository/org/springframework/boot/spring-boot-autoconfigure/2.5.2/spring-boot-autoconfigure-2.5.2.jar!/, jar:file:/C:/Users/neha_patil5/.m2/repository/org/springframework/boot/spring-boot-starter-logging/2.5.2/spring-boot-starter-logging-2.5.2.jar!/, jar:file:/C:/Users/neha_patil5/.m2/repository/ch/qos/logback/logback-classic/1.2.3/logback-classic-1.2.3.jar!/, jar:file:/C:/Users/neha_patil5/.m2/repository/ch/qos/logback/logback-core/1.2.3/logback-core-1.2.3.jar!/, jar:file:/C:/Users/neha_patil5/.m2/repository/org/apache/logging/log4j/log4j-to-slf4j/2.14.1/log4j-to-slf4j-2.14.1.jar!/, jar:file:/C:/Users/neha_patil5/.m2/repository/org/apache/logging/log4j/log4j-api/2.14.1/log4j-api-2.14.1.jar!/, jar:file:/C:/Users/neha_patil5/.m2/repository/org/slf4j/jul-to-slf4j/1.7.31/jul-to-slf4j-1.7.31.jar!/, jar:file:/C:/Users/neha_patil5/.m2/repository/jakarta/annotation/jakarta.annotation-api/1.3.5/jakarta.annotation-api-1.3.5.jar!/, jar:file:/C:/Users/neha_patil5/.m2/repository/org/yaml/snakeyaml/1.28/snakeyaml-1.28.jar!/, jar:file:/C:/Users/neha_patil5/.m2/repository/org/springframework/boot/spring-boot-starter-json/2.5.2/spring-boot-starter-json-2.5.2.jar!/, jar:file:/C:/Users/neha_patil5/.m2/repository/com/fasterxml/jackson/core/jackson-databind/2.12.3/jackson-databind-2.12.3.jar!/, jar:file:/C:/Users/neha_patil5/.m2/repository/com/fasterxml/jackson/core/jackson-annotations/2.12.3/jackson-annotations-2.12.3.jar!/, jar:file:/C:/Users/neha_patil5/.m2/repository/com/fasterxml/jackson/core/jackson-core/2.12.3/jackson-core-2.12.3.jar!/, jar:file:/C:/Users/neha_patil5/.m2/repository/com/fasterxml/jackson/datatype/jackson-datatype-jdk8/2.12.3/jackson-datatype-jdk8-2.12.3.jar!/, jar:file:/C:/Users/neha_patil5/.m2/repository/com/fasterxml/jackson/datatype/jackson-datatype-jsr310/2.12.3/jackson-datatype-jsr310-2.12.3.jar!/, jar:file:/C:/Users/neha_patil5/.m2/repository/com/fasterxml/jackson/module/jackson-module-parameter-names/2.12.3/jackson-module-parameter-names-2.12.3.jar!/, jar:file:/C:/Users/neha_patil5/.m2/repository/org/springframework/boot/spring-boot-starter-tomcat/2.5.2/spring-boot-starter-tomcat-2.5.2.jar!/, jar:file:/C:/Users/neha_patil5/.m2/repository/org/apache/tomcat/embed/tomcat-embed-core/9.0.48/tomcat-embed-core-9.0.48.jar!/, jar:file:/C:/Users/neha_patil5/.m2/repository/org/apache/tomcat/embed/tomcat-embed-el/9.0.48/tomcat-embed-el-9.0.48.jar!/, jar:file:/C:/Users/neha_patil5/.m2/repository/org/apache/tomcat/embed/tomcat-embed-websocket/9.0.48/tomcat-embed-websocket-9.0.48.jar!/, jar:file:/C:/Users/neha_patil5/.m2/repository/org/springframework/spring-web/5.3.8/spring-web-5.3.8.jar!/, jar:file:/C:/Users/neha_patil5/.m2/repository/org/springframework/spring-webmvc/5.3.8/spring-webmvc-5.3.8.jar!/, jar:file:/C:/Users/neha_patil5/.m2/repository/org/springframework/spring-expression/5.3.8/spring-expression-5.3.8.jar!/, jar:file:/C:/Users/neha_patil5/.m2/repository/org/springframework/data/spring-data-jpa/2.5.2/spring-data-jpa-2.5.2.jar!/, jar:file:/C:/Users/neha_patil5/.m2/repository/org/springframework/data/spring-data-commons/2.5.2/spring-data-commons-2.5.2.jar!/, jar:file:/C:/Users/neha_patil5/.m2/repository/org/springframework/spring-orm/5.3.8/spring-orm-5.3.8.jar!/, jar:file:/C:/Users/neha_patil5/.m2/repository/org/springframework/spring-jdbc/5.3.8/spring-jdbc-5.3.8.jar!/, jar:file:/C:/Users/neha_patil5/.m2/repository/org/springframework/spring-context/5.3.8/spring-context-5.3.8.jar!/, jar:file:/C:/Users/neha_patil5/.m2/repository/org/springframework/spring-aop/5.3.8/spring-aop-5.3.8.jar!/, jar:file:/C:/Users/neha_patil5/.m2/repository/org/springframework/spring-tx/5.3.8/spring-tx-5.3.8.jar!/, jar:file:/C:/Users/neha_patil5/.m2/repository/org/springframework/spring-beans/5.3.8/spring-beans-5.3.8.jar!/, jar:file:/C:/Users/neha_patil5/.m2/repository/org/springframework/spring-core/5.3.8/spring-core-5.3.8.jar!/, jar:file:/C:/Users/neha_patil5/.m2/repository/org/springframework/spring-jcl/5.3.8/spring-jcl-5.3.8.jar!/, jar:file:/C:/Users/neha_patil5/.m2/repository/org/aspectj/aspectjrt/1.9.6/aspectjrt-1.9.6.jar!/, jar:file:/C:/Users/neha_patil5/.m2/repository/org/slf4j/slf4j-api/1.7.26/slf4j-api-1.7.26.jar!/, jar:file:/C:/Users/neha_patil5/.m2/repository/com/tngtech/archunit/archunit-junit4/0.19.0/archunit-junit4-0.19.0.jar!/, jar:file:/C:/Users/neha_patil5/.m2/repository/com/tngtech/archunit/archunit/0.19.0/archunit-0.19.0.jar!/, jar:file:/C:/Users/neha_patil5/.m2/repository/net/sf/automatic-report-generator/xls-generator/v1.0/xls-generator-v1.0.jar!/, jar:file:/C:/Users/neha_patil5/.m2/repository/net/sf/automatic-report-generator/generic-generator/v1.0/generic-generator-v1.0.jar!/, jar:file:/C:/Users/neha_patil5/.m2/repository/log4j/log4j/1.2.17/log4j-1.2.17.jar!/, jar:file:/C:/Users/neha_patil5/.m2/repository/org/databene/contiperf/2.3.4/contiperf-2.3.4.jar!/, jar:file:/C:/Users/neha_patil5/.m2/repository/joda-time/joda-time/2.4/joda-time-2.4.jar!/, jar:file:/C:/Users/neha_patil5/.m2/repository/org/apache/poi/poi/3.14/poi-3.14.jar!/, jar:file:/C:/Users/neha_patil5/.m2/repository/commons-codec/commons-codec/1.10/commons-codec-1.10.jar!/, jar:file:/C:/Users/neha_patil5/.m2/repository/org/apache/poi/poi-ooxml/3.14/poi-ooxml-3.14.jar!/, jar:file:/C:/Users/neha_patil5/.m2/repository/org/apache/poi/poi-ooxml-schemas/3.14/poi-ooxml-schemas-3.14.jar!/, jar:file:/C:/Users/neha_patil5/.m2/repository/org/apache/xmlbeans/xmlbeans/2.6.0/xmlbeans-2.6.0.jar!/, jar:file:/C:/Users/neha_patil5/.m2/repository/stax/stax-api/1.0.1/stax-api-1.0.1.jar!/, jar:file:/C:/Users/neha_patil5/.m2/repository/com/github/virtuald/curvesapi/1.03/curvesapi-1.03.jar!/, jar:file:/C:/Users/neha_patil5/.m2/repository/jfree/jfreechart/1.0.13/jfreechart-1.0.13.jar!/, jar:file:/C:/Users/neha_patil5/.m2/repository/jfree/jcommon/1.0.16/jcommon-1.0.16.jar!/, jar:file:/C:/Users/neha_patil5/.m2/repository/javax/persistence/javax.persistence-api/2.2/javax.persistence-api-2.2.jar!/, jar:file:/C:/Users/neha_patil5/.m2/repository/org/apache/maven/surefire/surefire-testng-utils/2.18.1/surefire-testng-utils-2.18.1.jar!/, jar:file:/C:/Users/neha_patil5/.m2/repository/org/apache/maven/surefire/surefire-grouper/2.18.1/surefire-grouper-2.18.1.jar!/]
10:04:29.770 [main] DEBUG com.tngtech.archunit.core.importer.JavaClassProcessor - Analyzing class 'demo/service/ProductService'
10:04:29.772 [main] DEBUG com.tngtech.archunit.core.importer.JavaClassProcessor - Analyzing class 'demo/service/secondservice/SecondService'
10:04:29.773 [main] DEBUG com.tngtech.archunit.core.importer.JavaClassProcessor - Analyzing class 'demo/controller/demo'
10:04:29.775 [main] DEBUG com.tngtech.archunit.core.importer.JavaClassProcessor - Analyzing class 'demo/entity/Customer'
10:04:29.776 [main] DEBUG com.tngtech.archunit.core.importer.JavaClassProcessor - Analyzing class 'demo/controller/CustomerController'
10:04:29.778 [main] DEBUG com.tngtech.archunit.core.importer.JavaClassProcessor - Analyzing class 'demo/entity/Product'
10:04:29.779 [main] DEBUG com.tngtech.archunit.core.importer.JavaClassProcessor - Analyzing class 'demo/repository/DataRepository'
10:04:29.780 [main] DEBUG com.tngtech.archunit.core.importer.JavaClassProcessor - Analyzing class 'demo/service/firstservice/FirstService'
10:04:29.781 [main] DEBUG com.tngtech.archunit.core.importer.JavaClassProcessor - Analyzing class 'demo/service/CustomerService'
10:04:29.782 [main] DEBUG com.tngtech.archunit.core.importer.JavaClassProcessor - Analyzing class 'java/lang/Object'
10:04:29.783 [main] DEBUG com.tngtech.archunit.core.importer.JavaClassProcessor - Analyzing class 'org/springframework/stereotype/Controller'
10:04:29.783 [main] DEBUG com.tngtech.archunit.core.importer.JavaClassProcessor - Analyzing class 'org/springframework/stereotype/Component'
10:04:29.783 [main] DEBUG com.tngtech.archunit.core.importer.JavaClassProcessor - Analyzing class 'java/lang/annotation/Documented'
10:04:29.784 [main] DEBUG com.tngtech.archunit.core.importer.JavaClassProcessor - Analyzing class 'java/lang/annotation/Target'
10:04:29.784 [main] DEBUG com.tngtech.archunit.core.importer.JavaClassProcessor - Analyzing class 'java/lang/annotation/Retention'
10:04:29.785 [main] DEBUG com.tngtech.archunit.core.importer.JavaClassProcessor - Analyzing class 'org/springframework/stereotype/Indexed'
10:04:29.785 [main] DEBUG com.tngtech.archunit.core.importer.JavaClassProcessor - Analyzing class 'org/springframework/core/annotation/AliasFor'
10:04:29.786 [main] DEBUG com.tngtech.archunit.core.importer.JavaClassProcessor - Analyzing class 'javax/persistence/Entity'
10:04:29.786 [main] DEBUG com.tngtech.archunit.core.importer.JavaClassProcessor - Analyzing class 'org/springframework/stereotype/Service'
10:04:29.787 [main] DEBUG com.tngtech.archunit.core.importer.JavaClassProcessor - Analyzing class 'java/lang/Class'
10:04:29.790 [main] DEBUG com.tngtech.archunit.core.importer.JavaClassProcessor - Analyzing class 'java/lang/CloneNotSupportedException'
10:04:29.790 [main] DEBUG com.tngtech.archunit.core.importer.JavaClassProcessor - Analyzing class 'java/lang/String'
10:04:29.792 [main] DEBUG com.tngtech.archunit.core.importer.JavaClassProcessor - Analyzing class 'java/lang/InterruptedException'
10:04:29.792 [main] DEBUG com.tngtech.archunit.core.importer.JavaClassProcessor - Analyzing class 'java/lang/Throwable'
10:04:29.793 [main] DEBUG com.tngtech.archunit.core.importer.JavaClassProcessor - Analyzing class 'java/lang/annotation/Annotation'
10:04:29.794 [main] DEBUG com.tngtech.archunit.core.importer.JavaClassProcessor - Analyzing class 'java/lang/annotation/ElementType'
10:04:29.794 [main] DEBUG com.tngtech.archunit.core.importer.JavaClassProcessor - Analyzing class 'java/lang/annotation/RetentionPolicy'
10:04:29.799 [main] DEBUG com.tngtech.archunit.core.importer.UrlSource$From - Found URLs on sun.boot.class.path: [jar:file:/C:/Program%20Files/Java/jdk1.8.0_92/jre/lib/resources.jar!/, jar:file:/C:/Program%20Files/Java/jdk1.8.0_92/jre/lib/rt.jar!/, jar:file:/C:/Program%20Files/Java/jdk1.8.0_92/jre/lib/sunrsasign.jar!/, jar:file:/C:/Program%20Files/Java/jdk1.8.0_92/jre/lib/jsse.jar!/, jar:file:/C:/Program%20Files/Java/jdk1.8.0_92/jre/lib/jce.jar!/, jar:file:/C:/Program%20Files/Java/jdk1.8.0_92/jre/lib/charsets.jar!/, jar:file:/C:/Program%20Files/Java/jdk1.8.0_92/jre/lib/jfr.jar!/, file:/C:/Program%20Files/Java/jdk1.8.0_92/jre/classes]
10:04:29.808 [main] DEBUG com.tngtech.archunit.core.importer.UrlSource$From - Found URLs on java.class.path: [file:/C:/Users/neha_patil5/Documents/workspace-spring-tool-suite-4-4.7.0.RELEASE/ArchUnitDemo/target/test-classes/, file:/C:/Users/neha_patil5/Documents/workspace-spring-tool-suite-4-4.7.0.RELEASE/ArchUnitDemo/target/classes/, jar:file:/C:/Users/neha_patil5/.m2/repository/com/relevantcodes/extentreports/2.41.1/extentreports-2.41.1.jar!/, jar:file:/C:/Users/neha_patil5/.m2/repository/org/jsoup/jsoup/1.8.3/jsoup-1.8.3.jar!/, jar:file:/C:/Users/neha_patil5/.m2/repository/org/xerial/sqlite-jdbc/3.8.11.1/sqlite-jdbc-3.8.11.1.jar!/, jar:file:/C:/Users/neha_patil5/.m2/repository/org/freemarker/freemarker/2.3.23/freemarker-2.3.23.jar!/, jar:file:/C:/Users/neha_patil5/.m2/repository/org/mongodb/mongodb-driver/3.0.4/mongodb-driver-3.0.4.jar!/, jar:file:/C:/Users/neha_patil5/.m2/repository/org/mongodb/bson/3.0.4/bson-3.0.4.jar!/, jar:file:/C:/Users/neha_patil5/.m2/repository/org/mongodb/mongodb-driver-core/3.0.4/mongodb-driver-core-3.0.4.jar!/, jar:file:/C:/Users/neha_patil5/.m2/repository/org/testng/testng/6.9.4/testng-6.9.4.jar!/, jar:file:/C:/Users/neha_patil5/.m2/repository/org/beanshell/bsh/2.0b4/bsh-2.0b4.jar!/, jar:file:/C:/Users/neha_patil5/.m2/repository/com/beust/jcommander/1.48/jcommander-1.48.jar!/, jar:file:/C:/Users/neha_patil5/.m2/repository/org/apache/maven/doxia/doxia-site-renderer/1.8.1/doxia-site-renderer-1.8.1.jar!/, jar:file:/C:/Users/neha_patil5/.m2/repository/org/apache/maven/maven-artifact/3.0/maven-artifact-3.0.jar!/, jar:file:/C:/Users/neha_patil5/.m2/repository/org/apache/maven/doxia/doxia-core/1.8/doxia-core-1.8.jar!/, jar:file:/C:/Users/neha_patil5/.m2/repository/org/apache/httpcomponents/httpclient/4.0.2/httpclient-4.0.2.jar!/, jar:file:/C:/Users/neha_patil5/.m2/repository/org/apache/httpcomponents/httpcore/4.0.1/httpcore-4.0.1.jar!/, jar:file:/C:/Users/neha_patil5/.m2/repository/org/apache/maven/doxia/doxia-logging-api/1.8/doxia-logging-api-1.8.jar!/, jar:file:/C:/Users/neha_patil5/.m2/repository/org/apache/maven/doxia/doxia-sink-api/1.8/doxia-sink-api-1.8.jar!/, jar:file:/C:/Users/neha_patil5/.m2/repository/org/apache/maven/doxia/doxia-decoration-model/1.8.1/doxia-decoration-model-1.8.1.jar!/, jar:file:/C:/Users/neha_patil5/.m2/repository/org/apache/maven/doxia/doxia-skin-model/1.8.1/doxia-skin-model-1.8.1.jar!/, jar:file:/C:/Users/neha_patil5/.m2/repository/org/apache/maven/doxia/doxia-module-xhtml/1.8/doxia-module-xhtml-1.8.jar!/, jar:file:/C:/Users/neha_patil5/.m2/repository/org/codehaus/plexus/plexus-component-annotations/1.6/plexus-component-annotations-1.6.jar!/, jar:file:/C:/Users/neha_patil5/.m2/repository/org/codehaus/plexus/plexus-i18n/1.0-beta-7/plexus-i18n-1.0-beta-7.jar!/, jar:file:/C:/Users/neha_patil5/.m2/repository/org/codehaus/plexus/plexus-container-default/1.0-alpha-30/plexus-container-default-1.0-alpha-30.jar!/, jar:file:/C:/Users/neha_patil5/.m2/repository/org/codehaus/plexus/plexus-classworlds/1.2-alpha-9/plexus-classworlds-1.2-alpha-9.jar!/, jar:file:/C:/Users/neha_patil5/.m2/repository/org/codehaus/plexus/plexus-velocity/1.2/plexus-velocity-1.2.jar!/, jar:file:/C:/Users/neha_patil5/.m2/repository/org/codehaus/plexus/plexus-utils/3.0.22/plexus-utils-3.0.22.jar!/, jar:file:/C:/Users/neha_patil5/.m2/repository/org/apache/velocity/velocity/1.7/velocity-1.7.jar!/, jar:file:/C:/Users/neha_patil5/.m2/repository/commons-lang/commons-lang/2.4/commons-lang-2.4.jar!/, jar:file:/C:/Users/neha_patil5/.m2/repository/org/apache/velocity/velocity-tools/2.0/velocity-tools-2.0.jar!/, jar:file:/C:/Users/neha_patil5/.m2/repository/commons-beanutils/commons-beanutils/1.7.0/commons-beanutils-1.7.0.jar!/, jar:file:/C:/Users/neha_patil5/.m2/repository/commons-digester/commons-digester/1.8/commons-digester-1.8.jar!/, jar:file:/C:/Users/neha_patil5/.m2/repository/commons-chain/commons-chain/1.1/commons-chain-1.1.jar!/, jar:file:/C:/Users/neha_patil5/.m2/repository/commons-logging/commons-logging/1.1/commons-logging-1.1.jar!/, jar:file:/C:/Users/neha_patil5/.m2/repository/javax/servlet/servlet-api/2.3/servlet-api-2.3.jar!/, jar:file:/C:/Users/neha_patil5/.m2/repository/commons-validator/commons-validator/1.3.1/commons-validator-1.3.1.jar!/, jar:file:/C:/Users/neha_patil5/.m2/repository/dom4j/dom4j/1.1/dom4j-1.1.jar!/, jar:file:/C:/Users/neha_patil5/.m2/repository/oro/oro/2.0.8/oro-2.0.8.jar!/, jar:file:/C:/Users/neha_patil5/.m2/repository/sslext/sslext/1.2-0/sslext-1.2-0.jar!/, jar:file:/C:/Users/neha_patil5/.m2/repository/org/apache/struts/struts-core/1.3.8/struts-core-1.3.8.jar!/, jar:file:/C:/Users/neha_patil5/.m2/repository/antlr/antlr/2.7.2/antlr-2.7.2.jar!/, jar:file:/C:/Users/neha_patil5/.m2/repository/org/apache/struts/struts-taglib/1.3.8/struts-taglib-1.3.8.jar!/, jar:file:/C:/Users/neha_patil5/.m2/repository/org/apache/struts/struts-tiles/1.3.8/struts-tiles-1.3.8.jar!/, jar:file:/C:/Users/neha_patil5/.m2/repository/commons-collections/commons-collections/3.2.1/commons-collections-3.2.1.jar!/, jar:file:/C:/Users/neha_patil5/.m2/repository/org/apache/commons/commons-lang3/3.5/commons-lang3-3.5.jar!/, jar:file:/C:/Users/neha_patil5/.m2/repository/junit/junit/4.13.2/junit-4.13.2.jar!/, jar:file:/C:/Users/neha_patil5/.m2/repository/org/hamcrest/hamcrest-core/1.3/hamcrest-core-1.3.jar!/, jar:file:/C:/Users/neha_patil5/.m2/repository/org/springframework/boot/spring-boot-starter-web/2.5.2/spring-boot-starter-web-2.5.2.jar!/, jar:file:/C:/Users/neha_patil5/.m2/repository/org/springframework/boot/spring-boot-starter/2.5.2/spring-boot-starter-2.5.2.jar!/, jar:file:/C:/Users/neha_patil5/.m2/repository/org/springframework/boot/spring-boot/2.5.2/spring-boot-2.5.2.jar!/, jar:file:/C:/Users/neha_patil5/.m2/repository/org/springframework/boot/spring-boot-autoconfigure/2.5.2/spring-boot-autoconfigure-2.5.2.jar!/, jar:file:/C:/Users/neha_patil5/.m2/repository/org/springframework/boot/spring-boot-starter-logging/2.5.2/spring-boot-starter-logging-2.5.2.jar!/, jar:file:/C:/Users/neha_patil5/.m2/repository/ch/qos/logback/logback-classic/1.2.3/logback-classic-1.2.3.jar!/, jar:file:/C:/Users/neha_patil5/.m2/repository/ch/qos/logback/logback-core/1.2.3/logback-core-1.2.3.jar!/, jar:file:/C:/Users/neha_patil5/.m2/repository/org/apache/logging/log4j/log4j-to-slf4j/2.14.1/log4j-to-slf4j-2.14.1.jar!/, jar:file:/C:/Users/neha_patil5/.m2/repository/org/apache/logging/log4j/log4j-api/2.14.1/log4j-api-2.14.1.jar!/, jar:file:/C:/Users/neha_patil5/.m2/repository/org/slf4j/jul-to-slf4j/1.7.31/jul-to-slf4j-1.7.31.jar!/, jar:file:/C:/Users/neha_patil5/.m2/repository/jakarta/annotation/jakarta.annotation-api/1.3.5/jakarta.annotation-api-1.3.5.jar!/, jar:file:/C:/Users/neha_patil5/.m2/repository/org/yaml/snakeyaml/1.28/snakeyaml-1.28.jar!/, jar:file:/C:/Users/neha_patil5/.m2/repository/org/springframework/boot/spring-boot-starter-json/2.5.2/spring-boot-starter-json-2.5.2.jar!/, jar:file:/C:/Users/neha_patil5/.m2/repository/com/fasterxml/jackson/core/jackson-databind/2.12.3/jackson-databind-2.12.3.jar!/, jar:file:/C:/Users/neha_patil5/.m2/repository/com/fasterxml/jackson/core/jackson-annotations/2.12.3/jackson-annotations-2.12.3.jar!/, jar:file:/C:/Users/neha_patil5/.m2/repository/com/fasterxml/jackson/core/jackson-core/2.12.3/jackson-core-2.12.3.jar!/, jar:file:/C:/Users/neha_patil5/.m2/repository/com/fasterxml/jackson/datatype/jackson-datatype-jdk8/2.12.3/jackson-datatype-jdk8-2.12.3.jar!/, jar:file:/C:/Users/neha_patil5/.m2/repository/com/fasterxml/jackson/datatype/jackson-datatype-jsr310/2.12.3/jackson-datatype-jsr310-2.12.3.jar!/, jar:file:/C:/Users/neha_patil5/.m2/repository/com/fasterxml/jackson/module/jackson-module-parameter-names/2.12.3/jackson-module-parameter-names-2.12.3.jar!/, jar:file:/C:/Users/neha_patil5/.m2/repository/org/springframework/boot/spring-boot-starter-tomcat/2.5.2/spring-boot-starter-tomcat-2.5.2.jar!/, jar:file:/C:/Users/neha_patil5/.m2/repository/org/apache/tomcat/embed/tomcat-embed-core/9.0.48/tomcat-embed-core-9.0.48.jar!/, jar:file:/C:/Users/neha_patil5/.m2/repository/org/apache/tomcat/embed/tomcat-embed-el/9.0.48/tomcat-embed-el-9.0.48.jar!/, jar:file:/C:/Users/neha_patil5/.m2/repository/org/apache/tomcat/embed/tomcat-embed-websocket/9.0.48/tomcat-embed-websocket-9.0.48.jar!/, jar:file:/C:/Users/neha_patil5/.m2/repository/org/springframework/spring-web/5.3.8/spring-web-5.3.8.jar!/, jar:file:/C:/Users/neha_patil5/.m2/repository/org/springframework/spring-webmvc/5.3.8/spring-webmvc-5.3.8.jar!/, jar:file:/C:/Users/neha_patil5/.m2/repository/org/springframework/spring-expression/5.3.8/spring-expression-5.3.8.jar!/, jar:file:/C:/Users/neha_patil5/.m2/repository/org/springframework/data/spring-data-jpa/2.5.2/spring-data-jpa-2.5.2.jar!/, jar:file:/C:/Users/neha_patil5/.m2/repository/org/springframework/data/spring-data-commons/2.5.2/spring-data-commons-2.5.2.jar!/, jar:file:/C:/Users/neha_patil5/.m2/repository/org/springframework/spring-orm/5.3.8/spring-orm-5.3.8.jar!/, jar:file:/C:/Users/neha_patil5/.m2/repository/org/springframework/spring-jdbc/5.3.8/spring-jdbc-5.3.8.jar!/, jar:file:/C:/Users/neha_patil5/.m2/repository/org/springframework/spring-context/5.3.8/spring-context-5.3.8.jar!/, jar:file:/C:/Users/neha_patil5/.m2/repository/org/springframework/spring-aop/5.3.8/spring-aop-5.3.8.jar!/, jar:file:/C:/Users/neha_patil5/.m2/repository/org/springframework/spring-tx/5.3.8/spring-tx-5.3.8.jar!/, jar:file:/C:/Users/neha_patil5/.m2/repository/org/springframework/spring-beans/5.3.8/spring-beans-5.3.8.jar!/, jar:file:/C:/Users/neha_patil5/.m2/repository/org/springframework/spring-core/5.3.8/spring-core-5.3.8.jar!/, jar:file:/C:/Users/neha_patil5/.m2/repository/org/springframework/spring-jcl/5.3.8/spring-jcl-5.3.8.jar!/, jar:file:/C:/Users/neha_patil5/.m2/repository/org/aspectj/aspectjrt/1.9.6/aspectjrt-1.9.6.jar!/, jar:file:/C:/Users/neha_patil5/.m2/repository/org/slf4j/slf4j-api/1.7.26/slf4j-api-1.7.26.jar!/, jar:file:/C:/Users/neha_patil5/.m2/repository/com/tngtech/archunit/archunit-junit4/0.19.0/archunit-junit4-0.19.0.jar!/, jar:file:/C:/Users/neha_patil5/.m2/repository/com/tngtech/archunit/archunit/0.19.0/archunit-0.19.0.jar!/, jar:file:/C:/Users/neha_patil5/.m2/repository/net/sf/automatic-report-generator/xls-generator/v1.0/xls-generator-v1.0.jar!/, jar:file:/C:/Users/neha_patil5/.m2/repository/net/sf/automatic-report-generator/generic-generator/v1.0/generic-generator-v1.0.jar!/, jar:file:/C:/Users/neha_patil5/.m2/repository/log4j/log4j/1.2.17/log4j-1.2.17.jar!/, jar:file:/C:/Users/neha_patil5/.m2/repository/org/databene/contiperf/2.3.4/contiperf-2.3.4.jar!/, jar:file:/C:/Users/neha_patil5/.m2/repository/joda-time/joda-time/2.4/joda-time-2.4.jar!/, jar:file:/C:/Users/neha_patil5/.m2/repository/org/apache/poi/poi/3.14/poi-3.14.jar!/, jar:file:/C:/Users/neha_patil5/.m2/repository/commons-codec/commons-codec/1.10/commons-codec-1.10.jar!/, jar:file:/C:/Users/neha_patil5/.m2/repository/org/apache/poi/poi-ooxml/3.14/poi-ooxml-3.14.jar!/, jar:file:/C:/Users/neha_patil5/.m2/repository/org/apache/poi/poi-ooxml-schemas/3.14/poi-ooxml-schemas-3.14.jar!/, jar:file:/C:/Users/neha_patil5/.m2/repository/org/apache/xmlbeans/xmlbeans/2.6.0/xmlbeans-2.6.0.jar!/, jar:file:/C:/Users/neha_patil5/.m2/repository/stax/stax-api/1.0.1/stax-api-1.0.1.jar!/, jar:file:/C:/Users/neha_patil5/.m2/repository/com/github/virtuald/curvesapi/1.03/curvesapi-1.03.jar!/, jar:file:/C:/Users/neha_patil5/.m2/repository/jfree/jfreechart/1.0.13/jfreechart-1.0.13.jar!/, jar:file:/C:/Users/neha_patil5/.m2/repository/jfree/jcommon/1.0.16/jcommon-1.0.16.jar!/, jar:file:/C:/Users/neha_patil5/.m2/repository/javax/persistence/javax.persistence-api/2.2/javax.persistence-api-2.2.jar!/, jar:file:/C:/Users/neha_patil5/.m2/repository/org/apache/maven/surefire/surefire-testng-utils/2.18.1/surefire-testng-utils-2.18.1.jar!/, jar:file:/C:/Users/neha_patil5/.m2/repository/org/apache/maven/surefire/surefire-grouper/2.18.1/surefire-grouper-2.18.1.jar!/]
10:04:29.825 [main] DEBUG com.tngtech.archunit.core.importer.JavaClassProcessor - Analyzing class 'demo/service/ProductService'
10:04:29.827 [main] DEBUG com.tngtech.archunit.core.importer.JavaClassProcessor - Analyzing class 'demo/controller/demo'
10:04:29.828 [main] DEBUG com.tngtech.archunit.core.importer.JavaClassProcessor - Analyzing class 'demo/controller/CustomerController'
10:04:29.829 [main] DEBUG com.tngtech.archunit.core.importer.JavaClassProcessor - Analyzing class 'demo/service/CustomerService'
10:04:29.831 [main] DEBUG com.tngtech.archunit.core.importer.JavaClassProcessor - Analyzing class 'demo/entity/Customer'
10:04:29.832 [main] DEBUG com.tngtech.archunit.core.importer.JavaClassProcessor - Analyzing class 'demo/service/firstservice/FirstService'
10:04:29.833 [main] DEBUG com.tngtech.archunit.core.importer.JavaClassProcessor - Analyzing class 'demo/entity/Product'
10:04:29.835 [main] DEBUG com.tngtech.archunit.core.importer.JavaClassProcessor - Analyzing class 'demo/repository/DataRepository'
10:04:29.836 [main] DEBUG com.tngtech.archunit.core.importer.JavaClassProcessor - Analyzing class 'demo/service/secondservice/SecondService'
10:04:29.837 [main] DEBUG com.tngtech.archunit.core.importer.JavaClassProcessor - Analyzing class 'java/lang/Object'
10:04:29.838 [main] DEBUG com.tngtech.archunit.core.importer.JavaClassProcessor - Analyzing class 'org/springframework/stereotype/Controller'
10:04:29.839 [main] DEBUG com.tngtech.archunit.core.importer.JavaClassProcessor - Analyzing class 'java/lang/annotation/Target'
10:04:29.839 [main] DEBUG com.tngtech.archunit.core.importer.JavaClassProcessor - Analyzing class 'java/lang/annotation/Retention'
10:04:29.840 [main] DEBUG com.tngtech.archunit.core.importer.JavaClassProcessor - Analyzing class 'java/lang/annotation/Documented'
10:04:29.840 [main] DEBUG com.tngtech.archunit.core.importer.JavaClassProcessor - Analyzing class 'org/springframework/stereotype/Component'
10:04:29.841 [main] DEBUG com.tngtech.archunit.core.importer.JavaClassProcessor - Analyzing class 'org/springframework/stereotype/Indexed'
10:04:29.841 [main] DEBUG com.tngtech.archunit.core.importer.JavaClassProcessor - Analyzing class 'org/springframework/core/annotation/AliasFor'
10:04:29.842 [main] DEBUG com.tngtech.archunit.core.importer.JavaClassProcessor - Analyzing class 'javax/persistence/Entity'
10:04:29.843 [main] DEBUG com.tngtech.archunit.core.importer.JavaClassProcessor - Analyzing class 'org/springframework/stereotype/Service'
10:04:29.844 [main] DEBUG com.tngtech.archunit.core.importer.JavaClassProcessor - Analyzing class 'java/lang/Class'
10:04:29.846 [main] DEBUG com.tngtech.archunit.core.importer.JavaClassProcessor - Analyzing class 'java/lang/CloneNotSupportedException'
10:04:29.847 [main] DEBUG com.tngtech.archunit.core.importer.JavaClassProcessor - Analyzing class 'java/lang/String'
10:04:29.849 [main] DEBUG com.tngtech.archunit.core.importer.JavaClassProcessor - Analyzing class 'java/lang/InterruptedException'
10:04:29.850 [main] DEBUG com.tngtech.archunit.core.importer.JavaClassProcessor - Analyzing class 'java/lang/Throwable'
10:04:29.851 [main] DEBUG com.tngtech.archunit.core.importer.JavaClassProcessor - Analyzing class 'java/lang/annotation/Annotation'
10:04:29.851 [main] DEBUG com.tngtech.archunit.core.importer.JavaClassProcessor - Analyzing class 'java/lang/annotation/RetentionPolicy'
10:04:29.852 [main] DEBUG com.tngtech.archunit.core.importer.JavaClassProcessor - Analyzing class 'java/lang/annotation/ElementType'
10:04:29.862 [main] DEBUG com.tngtech.archunit.core.importer.UrlSource$From - Found URLs on sun.boot.class.path: [jar:file:/C:/Program%20Files/Java/jdk1.8.0_92/jre/lib/resources.jar!/, jar:file:/C:/Program%20Files/Java/jdk1.8.0_92/jre/lib/rt.jar!/, jar:file:/C:/Program%20Files/Java/jdk1.8.0_92/jre/lib/sunrsasign.jar!/, jar:file:/C:/Program%20Files/Java/jdk1.8.0_92/jre/lib/jsse.jar!/, jar:file:/C:/Program%20Files/Java/jdk1.8.0_92/jre/lib/jce.jar!/, jar:file:/C:/Program%20Files/Java/jdk1.8.0_92/jre/lib/charsets.jar!/, jar:file:/C:/Program%20Files/Java/jdk1.8.0_92/jre/lib/jfr.jar!/, file:/C:/Program%20Files/Java/jdk1.8.0_92/jre/classes]
10:04:29.870 [main] DEBUG com.tngtech.archunit.core.importer.UrlSource$From - Found URLs on java.class.path: [file:/C:/Users/neha_patil5/Documents/workspace-spring-tool-suite-4-4.7.0.RELEASE/ArchUnitDemo/target/test-classes/, file:/C:/Users/neha_patil5/Documents/workspace-spring-tool-suite-4-4.7.0.RELEASE/ArchUnitDemo/target/classes/, jar:file:/C:/Users/neha_patil5/.m2/repository/com/relevantcodes/extentreports/2.41.1/extentreports-2.41.1.jar!/, jar:file:/C:/Users/neha_patil5/.m2/repository/org/jsoup/jsoup/1.8.3/jsoup-1.8.3.jar!/, jar:file:/C:/Users/neha_patil5/.m2/repository/org/xerial/sqlite-jdbc/3.8.11.1/sqlite-jdbc-3.8.11.1.jar!/, jar:file:/C:/Users/neha_patil5/.m2/repository/org/freemarker/freemarker/2.3.23/freemarker-2.3.23.jar!/, jar:file:/C:/Users/neha_patil5/.m2/repository/org/mongodb/mongodb-driver/3.0.4/mongodb-driver-3.0.4.jar!/, jar:file:/C:/Users/neha_patil5/.m2/repository/org/mongodb/bson/3.0.4/bson-3.0.4.jar!/, jar:file:/C:/Users/neha_patil5/.m2/repository/org/mongodb/mongodb-driver-core/3.0.4/mongodb-driver-core-3.0.4.jar!/, jar:file:/C:/Users/neha_patil5/.m2/repository/org/testng/testng/6.9.4/testng-6.9.4.jar!/, jar:file:/C:/Users/neha_patil5/.m2/repository/org/beanshell/bsh/2.0b4/bsh-2.0b4.jar!/, jar:file:/C:/Users/neha_patil5/.m2/repository/com/beust/jcommander/1.48/jcommander-1.48.jar!/, jar:file:/C:/Users/neha_patil5/.m2/repository/org/apache/maven/doxia/doxia-site-renderer/1.8.1/doxia-site-renderer-1.8.1.jar!/, jar:file:/C:/Users/neha_patil5/.m2/repository/org/apache/maven/maven-artifact/3.0/maven-artifact-3.0.jar!/, jar:file:/C:/Users/neha_patil5/.m2/repository/org/apache/maven/doxia/doxia-core/1.8/doxia-core-1.8.jar!/, jar:file:/C:/Users/neha_patil5/.m2/repository/org/apache/httpcomponents/httpclient/4.0.2/httpclient-4.0.2.jar!/, jar:file:/C:/Users/neha_patil5/.m2/repository/org/apache/httpcomponents/httpcore/4.0.1/httpcore-4.0.1.jar!/, jar:file:/C:/Users/neha_patil5/.m2/repository/org/apache/maven/doxia/doxia-logging-api/1.8/doxia-logging-api-1.8.jar!/, jar:file:/C:/Users/neha_patil5/.m2/repository/org/apache/maven/doxia/doxia-sink-api/1.8/doxia-sink-api-1.8.jar!/, jar:file:/C:/Users/neha_patil5/.m2/repository/org/apache/maven/doxia/doxia-decoration-model/1.8.1/doxia-decoration-model-1.8.1.jar!/, jar:file:/C:/Users/neha_patil5/.m2/repository/org/apache/maven/doxia/doxia-skin-model/1.8.1/doxia-skin-model-1.8.1.jar!/, jar:file:/C:/Users/neha_patil5/.m2/repository/org/apache/maven/doxia/doxia-module-xhtml/1.8/doxia-module-xhtml-1.8.jar!/, jar:file:/C:/Users/neha_patil5/.m2/repository/org/codehaus/plexus/plexus-component-annotations/1.6/plexus-component-annotations-1.6.jar!/, jar:file:/C:/Users/neha_patil5/.m2/repository/org/codehaus/plexus/plexus-i18n/1.0-beta-7/plexus-i18n-1.0-beta-7.jar!/, jar:file:/C:/Users/neha_patil5/.m2/repository/org/codehaus/plexus/plexus-container-default/1.0-alpha-30/plexus-container-default-1.0-alpha-30.jar!/, jar:file:/C:/Users/neha_patil5/.m2/repository/org/codehaus/plexus/plexus-classworlds/1.2-alpha-9/plexus-classworlds-1.2-alpha-9.jar!/, jar:file:/C:/Users/neha_patil5/.m2/repository/org/codehaus/plexus/plexus-velocity/1.2/plexus-velocity-1.2.jar!/, jar:file:/C:/Users/neha_patil5/.m2/repository/org/codehaus/plexus/plexus-utils/3.0.22/plexus-utils-3.0.22.jar!/, jar:file:/C:/Users/neha_patil5/.m2/repository/org/apache/velocity/velocity/1.7/velocity-1.7.jar!/, jar:file:/C:/Users/neha_patil5/.m2/repository/commons-lang/commons-lang/2.4/commons-lang-2.4.jar!/, jar:file:/C:/Users/neha_patil5/.m2/repository/org/apache/velocity/velocity-tools/2.0/velocity-tools-2.0.jar!/, jar:file:/C:/Users/neha_patil5/.m2/repository/commons-beanutils/commons-beanutils/1.7.0/commons-beanutils-1.7.0.jar!/, jar:file:/C:/Users/neha_patil5/.m2/repository/commons-digester/commons-digester/1.8/commons-digester-1.8.jar!/, jar:file:/C:/Users/neha_patil5/.m2/repository/commons-chain/commons-chain/1.1/commons-chain-1.1.jar!/, jar:file:/C:/Users/neha_patil5/.m2/repository/commons-logging/commons-logging/1.1/commons-logging-1.1.jar!/, jar:file:/C:/Users/neha_patil5/.m2/repository/javax/servlet/servlet-api/2.3/servlet-api-2.3.jar!/, jar:file:/C:/Users/neha_patil5/.m2/repository/commons-validator/commons-validator/1.3.1/commons-validator-1.3.1.jar!/, jar:file:/C:/Users/neha_patil5/.m2/repository/dom4j/dom4j/1.1/dom4j-1.1.jar!/, jar:file:/C:/Users/neha_patil5/.m2/repository/oro/oro/2.0.8/oro-2.0.8.jar!/, jar:file:/C:/Users/neha_patil5/.m2/repository/sslext/sslext/1.2-0/sslext-1.2-0.jar!/, jar:file:/C:/Users/neha_patil5/.m2/repository/org/apache/struts/struts-core/1.3.8/struts-core-1.3.8.jar!/, jar:file:/C:/Users/neha_patil5/.m2/repository/antlr/antlr/2.7.2/antlr-2.7.2.jar!/, jar:file:/C:/Users/neha_patil5/.m2/repository/org/apache/struts/struts-taglib/1.3.8/struts-taglib-1.3.8.jar!/, jar:file:/C:/Users/neha_patil5/.m2/repository/org/apache/struts/struts-tiles/1.3.8/struts-tiles-1.3.8.jar!/, jar:file:/C:/Users/neha_patil5/.m2/repository/commons-collections/commons-collections/3.2.1/commons-collections-3.2.1.jar!/, jar:file:/C:/Users/neha_patil5/.m2/repository/org/apache/commons/commons-lang3/3.5/commons-lang3-3.5.jar!/, jar:file:/C:/Users/neha_patil5/.m2/repository/junit/junit/4.13.2/junit-4.13.2.jar!/, jar:file:/C:/Users/neha_patil5/.m2/repository/org/hamcrest/hamcrest-core/1.3/hamcrest-core-1.3.jar!/, jar:file:/C:/Users/neha_patil5/.m2/repository/org/springframework/boot/spring-boot-starter-web/2.5.2/spring-boot-starter-web-2.5.2.jar!/, jar:file:/C:/Users/neha_patil5/.m2/repository/org/springframework/boot/spring-boot-starter/2.5.2/spring-boot-starter-2.5.2.jar!/, jar:file:/C:/Users/neha_patil5/.m2/repository/org/springframework/boot/spring-boot/2.5.2/spring-boot-2.5.2.jar!/, jar:file:/C:/Users/neha_patil5/.m2/repository/org/springframework/boot/spring-boot-autoconfigure/2.5.2/spring-boot-autoconfigure-2.5.2.jar!/, jar:file:/C:/Users/neha_patil5/.m2/repository/org/springframework/boot/spring-boot-starter-logging/2.5.2/spring-boot-starter-logging-2.5.2.jar!/, jar:file:/C:/Users/neha_patil5/.m2/repository/ch/qos/logback/logback-classic/1.2.3/logback-classic-1.2.3.jar!/, jar:file:/C:/Users/neha_patil5/.m2/repository/ch/qos/logback/logback-core/1.2.3/logback-core-1.2.3.jar!/, jar:file:/C:/Users/neha_patil5/.m2/repository/org/apache/logging/log4j/log4j-to-slf4j/2.14.1/log4j-to-slf4j-2.14.1.jar!/, jar:file:/C:/Users/neha_patil5/.m2/repository/org/apache/logging/log4j/log4j-api/2.14.1/log4j-api-2.14.1.jar!/, jar:file:/C:/Users/neha_patil5/.m2/repository/org/slf4j/jul-to-slf4j/1.7.31/jul-to-slf4j-1.7.31.jar!/, jar:file:/C:/Users/neha_patil5/.m2/repository/jakarta/annotation/jakarta.annotation-api/1.3.5/jakarta.annotation-api-1.3.5.jar!/, jar:file:/C:/Users/neha_patil5/.m2/repository/org/yaml/snakeyaml/1.28/snakeyaml-1.28.jar!/, jar:file:/C:/Users/neha_patil5/.m2/repository/org/springframework/boot/spring-boot-starter-json/2.5.2/spring-boot-starter-json-2.5.2.jar!/, jar:file:/C:/Users/neha_patil5/.m2/repository/com/fasterxml/jackson/core/jackson-databind/2.12.3/jackson-databind-2.12.3.jar!/, jar:file:/C:/Users/neha_patil5/.m2/repository/com/fasterxml/jackson/core/jackson-annotations/2.12.3/jackson-annotations-2.12.3.jar!/, jar:file:/C:/Users/neha_patil5/.m2/repository/com/fasterxml/jackson/core/jackson-core/2.12.3/jackson-core-2.12.3.jar!/, jar:file:/C:/Users/neha_patil5/.m2/repository/com/fasterxml/jackson/datatype/jackson-datatype-jdk8/2.12.3/jackson-datatype-jdk8-2.12.3.jar!/, jar:file:/C:/Users/neha_patil5/.m2/repository/com/fasterxml/jackson/datatype/jackson-datatype-jsr310/2.12.3/jackson-datatype-jsr310-2.12.3.jar!/, jar:file:/C:/Users/neha_patil5/.m2/repository/com/fasterxml/jackson/module/jackson-module-parameter-names/2.12.3/jackson-module-parameter-names-2.12.3.jar!/, jar:file:/C:/Users/neha_patil5/.m2/repository/org/springframework/boot/spring-boot-starter-tomcat/2.5.2/spring-boot-starter-tomcat-2.5.2.jar!/, jar:file:/C:/Users/neha_patil5/.m2/repository/org/apache/tomcat/embed/tomcat-embed-core/9.0.48/tomcat-embed-core-9.0.48.jar!/, jar:file:/C:/Users/neha_patil5/.m2/repository/org/apache/tomcat/embed/tomcat-embed-el/9.0.48/tomcat-embed-el-9.0.48.jar!/, jar:file:/C:/Users/neha_patil5/.m2/repository/org/apache/tomcat/embed/tomcat-embed-websocket/9.0.48/tomcat-embed-websocket-9.0.48.jar!/, jar:file:/C:/Users/neha_patil5/.m2/repository/org/springframework/spring-web/5.3.8/spring-web-5.3.8.jar!/, jar:file:/C:/Users/neha_patil5/.m2/repository/org/springframework/spring-webmvc/5.3.8/spring-webmvc-5.3.8.jar!/, jar:file:/C:/Users/neha_patil5/.m2/repository/org/springframework/spring-expression/5.3.8/spring-expression-5.3.8.jar!/, jar:file:/C:/Users/neha_patil5/.m2/repository/org/springframework/data/spring-data-jpa/2.5.2/spring-data-jpa-2.5.2.jar!/, jar:file:/C:/Users/neha_patil5/.m2/repository/org/springframework/data/spring-data-commons/2.5.2/spring-data-commons-2.5.2.jar!/, jar:file:/C:/Users/neha_patil5/.m2/repository/org/springframework/spring-orm/5.3.8/spring-orm-5.3.8.jar!/, jar:file:/C:/Users/neha_patil5/.m2/repository/org/springframework/spring-jdbc/5.3.8/spring-jdbc-5.3.8.jar!/, jar:file:/C:/Users/neha_patil5/.m2/repository/org/springframework/spring-context/5.3.8/spring-context-5.3.8.jar!/, jar:file:/C:/Users/neha_patil5/.m2/repository/org/springframework/spring-aop/5.3.8/spring-aop-5.3.8.jar!/, jar:file:/C:/Users/neha_patil5/.m2/repository/org/springframework/spring-tx/5.3.8/spring-tx-5.3.8.jar!/, jar:file:/C:/Users/neha_patil5/.m2/repository/org/springframework/spring-beans/5.3.8/spring-beans-5.3.8.jar!/, jar:file:/C:/Users/neha_patil5/.m2/repository/org/springframework/spring-core/5.3.8/spring-core-5.3.8.jar!/, jar:file:/C:/Users/neha_patil5/.m2/repository/org/springframework/spring-jcl/5.3.8/spring-jcl-5.3.8.jar!/, jar:file:/C:/Users/neha_patil5/.m2/repository/org/aspectj/aspectjrt/1.9.6/aspectjrt-1.9.6.jar!/, jar:file:/C:/Users/neha_patil5/.m2/repository/org/slf4j/slf4j-api/1.7.26/slf4j-api-1.7.26.jar!/, jar:file:/C:/Users/neha_patil5/.m2/repository/com/tngtech/archunit/archunit-junit4/0.19.0/archunit-junit4-0.19.0.jar!/, jar:file:/C:/Users/neha_patil5/.m2/repository/com/tngtech/archunit/archunit/0.19.0/archunit-0.19.0.jar!/, jar:file:/C:/Users/neha_patil5/.m2/repository/net/sf/automatic-report-generator/xls-generator/v1.0/xls-generator-v1.0.jar!/, jar:file:/C:/Users/neha_patil5/.m2/repository/net/sf/automatic-report-generator/generic-generator/v1.0/generic-generator-v1.0.jar!/, jar:file:/C:/Users/neha_patil5/.m2/repository/log4j/log4j/1.2.17/log4j-1.2.17.jar!/, jar:file:/C:/Users/neha_patil5/.m2/repository/org/databene/contiperf/2.3.4/contiperf-2.3.4.jar!/, jar:file:/C:/Users/neha_patil5/.m2/repository/joda-time/joda-time/2.4/joda-time-2.4.jar!/, jar:file:/C:/Users/neha_patil5/.m2/repository/org/apache/poi/poi/3.14/poi-3.14.jar!/, jar:file:/C:/Users/neha_patil5/.m2/repository/commons-codec/commons-codec/1.10/commons-codec-1.10.jar!/, jar:file:/C:/Users/neha_patil5/.m2/repository/org/apache/poi/poi-ooxml/3.14/poi-ooxml-3.14.jar!/, jar:file:/C:/Users/neha_patil5/.m2/repository/org/apache/poi/poi-ooxml-schemas/3.14/poi-ooxml-schemas-3.14.jar!/, jar:file:/C:/Users/neha_patil5/.m2/repository/org/apache/xmlbeans/xmlbeans/2.6.0/xmlbeans-2.6.0.jar!/, jar:file:/C:/Users/neha_patil5/.m2/repository/stax/stax-api/1.0.1/stax-api-1.0.1.jar!/, jar:file:/C:/Users/neha_patil5/.m2/repository/com/github/virtuald/curvesapi/1.03/curvesapi-1.03.jar!/, jar:file:/C:/Users/neha_patil5/.m2/repository/jfree/jfreechart/1.0.13/jfreechart-1.0.13.jar!/, jar:file:/C:/Users/neha_patil5/.m2/repository/jfree/jcommon/1.0.16/jcommon-1.0.16.jar!/, jar:file:/C:/Users/neha_patil5/.m2/repository/javax/persistence/javax.persistence-api/2.2/javax.persistence-api-2.2.jar!/, jar:file:/C:/Users/neha_patil5/.m2/repository/org/apache/maven/surefire/surefire-testng-utils/2.18.1/surefire-testng-utils-2.18.1.jar!/, jar:file:/C:/Users/neha_patil5/.m2/repository/org/apache/maven/surefire/surefire-grouper/2.18.1/surefire-grouper-2.18.1.jar!/]
10:04:29.895 [main] DEBUG com.tngtech.archunit.core.importer.JavaClassProcessor - Analyzing class 'demo/service/secondservice/SecondService'
10:04:29.896 [main] DEBUG com.tngtech.archunit.core.importer.JavaClassProcessor - Analyzing class 'demo/service/CustomerService'
10:04:29.898 [main] DEBUG com.tngtech.archunit.core.importer.JavaClassProcessor - Analyzing class 'demo/repository/DataRepository'
10:04:29.899 [main] DEBUG com.tngtech.archunit.core.importer.JavaClassProcessor - Analyzing class 'demo/entity/Product'
10:04:29.900 [main] DEBUG com.tngtech.archunit.core.importer.JavaClassProcessor - Analyzing class 'demo/service/ProductService'
10:04:29.901 [main] DEBUG com.tngtech.archunit.core.importer.JavaClassProcessor - Analyzing class 'demo/service/firstservice/FirstService'
10:04:29.903 [main] DEBUG com.tngtech.archunit.core.importer.JavaClassProcessor - Analyzing class 'demo/controller/CustomerController'
10:04:29.904 [main] DEBUG com.tngtech.archunit.core.importer.JavaClassProcessor - Analyzing class 'demo/controller/demo'
10:04:29.905 [main] DEBUG com.tngtech.archunit.core.importer.JavaClassProcessor - Analyzing class 'demo/entity/Customer'
10:04:29.906 [main] DEBUG com.tngtech.archunit.core.importer.JavaClassProcessor - Analyzing class 'java/lang/Object'
10:04:29.907 [main] DEBUG com.tngtech.archunit.core.importer.JavaClassProcessor - Analyzing class 'org/springframework/stereotype/Controller'
10:04:29.908 [main] DEBUG com.tngtech.archunit.core.importer.JavaClassProcessor - Analyzing class 'java/lang/annotation/Retention'
10:04:29.908 [main] DEBUG com.tngtech.archunit.core.importer.JavaClassProcessor - Analyzing class 'java/lang/annotation/Target'
10:04:29.909 [main] DEBUG com.tngtech.archunit.core.importer.JavaClassProcessor - Analyzing class 'java/lang/annotation/Documented'
10:04:29.909 [main] DEBUG com.tngtech.archunit.core.importer.JavaClassProcessor - Analyzing class 'org/springframework/stereotype/Component'
10:04:29.910 [main] DEBUG com.tngtech.archunit.core.importer.JavaClassProcessor - Analyzing class 'org/springframework/stereotype/Indexed'
10:04:29.910 [main] DEBUG com.tngtech.archunit.core.importer.JavaClassProcessor - Analyzing class 'org/springframework/core/annotation/AliasFor'
10:04:29.911 [main] DEBUG com.tngtech.archunit.core.importer.JavaClassProcessor - Analyzing class 'javax/persistence/Entity'
10:04:29.912 [main] DEBUG com.tngtech.archunit.core.importer.JavaClassProcessor - Analyzing class 'org/springframework/stereotype/Service'
10:04:29.912 [main] DEBUG com.tngtech.archunit.core.importer.JavaClassProcessor - Analyzing class 'java/lang/Class'
10:04:29.915 [main] DEBUG com.tngtech.archunit.core.importer.JavaClassProcessor - Analyzing class 'java/lang/CloneNotSupportedException'
10:04:29.915 [main] DEBUG com.tngtech.archunit.core.importer.JavaClassProcessor - Analyzing class 'java/lang/String'
10:04:29.917 [main] DEBUG com.tngtech.archunit.core.importer.JavaClassProcessor - Analyzing class 'java/lang/InterruptedException'
10:04:29.917 [main] DEBUG com.tngtech.archunit.core.importer.JavaClassProcessor - Analyzing class 'java/lang/Throwable'
10:04:29.918 [main] DEBUG com.tngtech.archunit.core.importer.JavaClassProcessor - Analyzing class 'java/lang/annotation/Annotation'
10:04:29.919 [main] DEBUG com.tngtech.archunit.core.importer.JavaClassProcessor - Analyzing class 'java/lang/annotation/RetentionPolicy'
10:04:29.919 [main] DEBUG com.tngtech.archunit.core.importer.JavaClassProcessor - Analyzing class 'java/lang/annotation/ElementType'
10:04:29.964 [main] DEBUG com.tngtech.archunit.library.dependencies.SliceCycleArchCondition - Maximum number of dependencies to report per edge is set to 20; this limit can be adapted using the `archunit.properties` value `cycles.maxNumberOfDependenciesPerEdge=xxx`
10:04:29.989 [main] DEBUG com.tngtech.archunit.library.dependencies.JohnsonCycleFinder - Maximum number of cycles to detect is set to 100; this limit can be adapted using the `archunit.properties` value `cycles.maxNumberToDetect=xxx`
]]></system-out>
  </testcase>
  <testcase name="entity_class_should_not_depend_on_anyone" classname="BasicTests.DependencyCheck" time="0.033"/>
  <testcase name="layer_architecture" classname="BasicTests.LayerArchitecture" time="0.007"/>
  <testcase name="controllers_should_be_suffixed" classname="BasicTests.NamingConvention" time="0.001">
    <failure message="Architecture Violation [Priority: MEDIUM] - Rule &apos;classes that reside in a package &apos;..controller..&apos; should have simple name ending with &apos;Controller&apos;&apos; was violated (1 times):&#10;simple name of demo.controller.demo does not end with &apos;Controller&apos; in (demo.java:0)" type="java.lang.AssertionError">java.lang.AssertionError: Architecture Violation [Priority: MEDIUM] - Rule 'classes that reside in a package '..controller..' should have simple name ending with 'Controller'' was violated (1 times):
simple name of demo.controller.demo does not end with 'Controller' in (demo.java:0)
	at com.tngtech.archunit.lang.ArchRule$Assertions.assertNoViolation(ArchRule.java:94)
	at com.tngtech.archunit.lang.ArchRule$Assertions.check(ArchRule.java:82)
	at com.tngtech.archunit.lang.ArchRule$Factory$SimpleArchRule.check(ArchRule.java:198)
	at com.tngtech.archunit.lang.syntax.ObjectsShouldInternal.check(ObjectsShouldInternal.java:81)
	at BasicTests.NamingConvention.controllers_should_be_suffixed(NamingConvention.java:23)
</failure>
  </testcase>
  <testcase name="interfaces_with_repository_should_be_in_a_repository_package" classname="BasicTests.NamingConvention" time="0.002"/>
  <testcase name="service_should_be_infix_with_service_word" classname="BasicTests.NamingConvention" time="0"/>
  <testcase name="classes_annoated_with_controller_annotation_should_resides_in_controller_package" classname="BasicTests.LocationCheck" time="0.011"/>
  <testcase name="classes_annoated_with_entity_annotation_should_resides_in_entity_package" classname="BasicTests.LocationCheck" time="0.002">
    <failure message="Architecture Violation [Priority: MEDIUM] - Rule &apos;classes that are annotated with @Entity should reside in a package &apos;..entity..&apos;&apos; was violated (1 times):&#10;Class &lt;demo.controller.demo&gt; does not reside in a package &apos;..entity..&apos; in (demo.java:0)" type="java.lang.AssertionError"><![CDATA[java.lang.AssertionError: Architecture Violation [Priority: MEDIUM] - Rule 'classes that are annotated with @Entity should reside in a package '..entity..'' was violated (1 times):
Class <demo.controller.demo> does not reside in a package '..entity..' in (demo.java:0)
	at com.tngtech.archunit.lang.ArchRule$Assertions.assertNoViolation(ArchRule.java:94)
	at com.tngtech.archunit.lang.ArchRule$Assertions.check(ArchRule.java:82)
	at com.tngtech.archunit.lang.ArchRule$Factory$SimpleArchRule.check(ArchRule.java:198)
	at com.tngtech.archunit.lang.syntax.ObjectsShouldInternal.check(ObjectsShouldInternal.java:81)
	at BasicTests.LocationCheck.classes_annoated_with_entity_annotation_should_resides_in_entity_package(LocationCheck.java:30)
]]></failure>
  </testcase>
  <testcase name="classes_annoated_with_service_annotation_should_resides_in_service_package" classname="BasicTests.LocationCheck" time="0.001"/>
  <testcase name="interfaces_should_not_placed_in_entity_package" classname="BasicTests.LocationCheck" time="0"/>
</testsuite>